#
# A fatal error has been detected by the Java Runtime Environment:
#
#  EXCEPTION_ACCESS_VIOLATION (0xc0000005) at pc=0x000000005e899ceb, pid=6876, tid=6460
#
# JRE version: Java(TM) SE Runtime Environment (8.0_20-b26) (build 1.8.0_20-b26)
# Java VM: Java HotSpot(TM) 64-Bit Server VM (25.20-b23 mixed mode windows-amd64 compressed oops)
# Problematic frame:
# C  [atio6axx.dll+0x99ceb]
#
# Failed to write core dump. Minidumps are not enabled by default on client versions of Windows
#
# If you would like to submit a bug report, please visit:
#   http://bugreport.sun.com/bugreport/crash.jsp
# The crash happened outside the Java Virtual Machine in native code.
# See problematic frame for where to report the bug.
#

---------------  T H R E A D  ---------------

Current thread (0x0000000056bdc000):  JavaThread "main-FPSAWTAnimator#00-Timer0" [_thread_in_native, id=6460, stack(0x000000005dce0000,0x000000005dde0000)]

siginfo: ExceptionCode=0xc0000005, writing address 0x0000000000000000

Registers:
RAX=0x000000005ce4cf10, RBX=0x0000000000000000, RCX=0x0000000000000002, RDX=0x000000005ce54f22
RSP=0x000000005dddebf0, RBP=0x000000000001d4c0, RSI=0x000000005cbbaae0, RDI=0x000000000001d4c0
R8 =0x0000000000000001, R9 =0x0000000000000000, R10=0x0000000000000001, R11=0x000000005ce4cf10
R12=0x0000000000000000, R13=0x0000000000000000, R14=0x000000005ddded48, R15=0x0000000056bdc000
RIP=0x000000005e899ceb, EFLAGS=0x0000000000010202

Top of Stack: (sp=0x000000005dddebf0)
0x000000005dddebf0:   0000000000000000 000000000001d4c0
0x000000005dddec00:   000000005cbbaae0 0000000056bdc000
0x000000005dddec10:   000000005b3f1990 000000005cafd790
0x000000005dddec20:   0000000000000000 000000005f3ddb37
0x000000005dddec30:   000000005cdbe670 000000000001d4c0
0x000000005dddec40:   0000000000000000 000000005b3f1990
0x000000005dddec50:   00000000027b7a01 00000000027c3874
0x000000005dddec60:   000000005b3f1990 000000005dddecf8
0x000000005dddec70:   0000000000000188 00000000027b7a01
0x000000005dddec80:   0000000000000000 0000000000000001
0x000000005dddec90:   000000005fc71d40 000000005b3f1990
0x000000005dddeca0:   0000000000000188 0000000056bdc000
0x000000005dddecb0:   00000000027c35a2 000000005dddecb8
0x000000005dddecc0:   000000005b3f1990 000000005ddded48
0x000000005dddecd0:   000000005b4e0028 0000000000000000
0x000000005dddece0:   000000005b3f1990 0000000000000000 

Instructions: (pc=0x000000005e899ceb)
0x000000005e899ccb:   39 28 74 f4 4b 8d 94 43 10 80 00 00 0f b7 02 66
0x000000005e899cdb:   41 01 84 4b 10 80 00 00 66 44 89 2a 41 ff 43 08
0x000000005e899ceb:   45 89 14 24 49 83 c4 04 48 83 ef 01 0f 85 b3 fe
0x000000005e899cfb:   ff ff e9 c8 13 00 00 48 8b 71 18 45 33 ed 41 8b 


Register to memory mapping:

RAX=0x000000005ce4cf10 is an unknown value
RBX=0x0000000000000000 is an unknown value
RCX=0x0000000000000002 is an unknown value
RDX=0x000000005ce54f22 is an unknown value
RSP=0x000000005dddebf0 is pointing into the stack for thread: 0x0000000056bdc000
RBP=0x000000000001d4c0 is an unknown value
RSI=0x000000005cbbaae0 is an unknown value
RDI=0x000000000001d4c0 is an unknown value
R8 =0x0000000000000001 is an unknown value
R9 =0x0000000000000000 is an unknown value
R10=0x0000000000000001 is an unknown value
R11=0x000000005ce4cf10 is an unknown value
R12=0x0000000000000000 is an unknown value
R13=0x0000000000000000 is an unknown value
R14=0x000000005ddded48 is pointing into the stack for thread: 0x0000000056bdc000
R15=0x0000000056bdc000 is a thread


Stack: [0x000000005dce0000,0x000000005dde0000],  sp=0x000000005dddebf0,  free space=1018k
Native frames: (J=compiled Java code, j=interpreted, Vv=VM code, C=native code)
C  [atio6axx.dll+0x99ceb]
C  [atio6axx.dll+0xbddb37]
C  0x00000000027c3874

Java frames: (J=compiled Java code, j=interpreted, Vv=VM code)
j  jogamp.opengl.gl4.GL4bcImpl.dispatch_glGenBuffers1(ILjava/lang/Object;IZJ)V+0
j  jogamp.opengl.gl4.GL4bcImpl.glGenBuffers(ILjava/nio/IntBuffer;)V+81
j  icp.Terrain.draw(Lcom/jogamp/opengl/GL2;)V+6
j  icp.ICP.display(Lcom/jogamp/opengl/GLAutoDrawable;)V+112
j  jogamp.opengl.GLDrawableHelper.displayImpl(Lcom/jogamp/opengl/GLAutoDrawable;)V+81
j  jogamp.opengl.GLDrawableHelper.display(Lcom/jogamp/opengl/GLAutoDrawable;)V+2
j  jogamp.opengl.GLAutoDrawableBase$2.run()V+59
j  jogamp.opengl.GLDrawableHelper.invokeGLImpl(Lcom/jogamp/opengl/GLDrawable;Lcom/jogamp/opengl/GLContext;Ljava/lang/Runnable;Ljava/lang/Runnable;)V+203
j  jogamp.opengl.GLDrawableHelper.invokeGL(Lcom/jogamp/opengl/GLDrawable;Lcom/jogamp/opengl/GLContext;Ljava/lang/Runnable;Ljava/lang/Runnable;)V+72
j  com.jogamp.newt.opengl.GLWindow.display()V+90
j  com.jogamp.opengl.util.AWTAnimatorImpl.display(Ljava/util/ArrayList;ZZ)V+51
j  com.jogamp.opengl.util.AnimatorBase.display()V+16
j  com.jogamp.opengl.util.FPSAnimator$MainTask.run()V+216
j  java.util.TimerThread.mainLoop()V+221
j  java.util.TimerThread.run()V+1
v  ~StubRoutines::call_stub

---------------  P R O C E S S  ---------------

Java Threads: ( => current thread )
  0x00000000021ee000 JavaThread "DestroyJavaVM" [_thread_blocked, id=7164, stack(0x0000000002310000,0x0000000002410000)]
=>0x0000000056bdc000 JavaThread "main-FPSAWTAnimator#00-Timer0" [_thread_in_native, id=6460, stack(0x000000005dce0000,0x000000005dde0000)]
  0x0000000056fed000 JavaThread "main-Display-.windows_nil-1-EDT-1" daemon [_thread_blocked, id=6760, stack(0x00000000573c0000,0x00000000574c0000)]
  0x0000000056fc5000 JavaThread "main-SharedResourceRunner" daemon [_thread_blocked, id=7132, stack(0x000000005c760000,0x000000005c860000)]
  0x0000000056e5e800 JavaThread "AWT-Windows" daemon [_thread_in_native, id=6740, stack(0x00000000575f0000,0x00000000576f0000)]
  0x0000000056e5c000 JavaThread "Java2D Disposer" daemon [_thread_blocked, id=5048, stack(0x00000000571e0000,0x00000000572e0000)]
  0x0000000054e8f800 JavaThread "Service Thread" daemon [_thread_blocked, id=4168, stack(0x0000000056790000,0x0000000056890000)]
  0x0000000054e2f000 JavaThread "C1 CompilerThread1" daemon [_thread_blocked, id=6676, stack(0x00000000560c0000,0x00000000561c0000)]
  0x0000000054e2c800 JavaThread "C2 CompilerThread0" daemon [_thread_blocked, id=7128, stack(0x0000000055ed0000,0x0000000055fd0000)]
  0x0000000054e2b800 JavaThread "Attach Listener" daemon [_thread_blocked, id=832, stack(0x0000000055dd0000,0x0000000055ed0000)]
  0x0000000054e2a000 JavaThread "Signal Dispatcher" daemon [_thread_blocked, id=4716, stack(0x0000000055c60000,0x0000000055d60000)]
  0x0000000054dc4000 JavaThread "Finalizer" daemon [_thread_blocked, id=7088, stack(0x0000000055aa0000,0x0000000055ba0000)]
  0x0000000054dc0800 JavaThread "Reference Handler" daemon [_thread_blocked, id=4556, stack(0x0000000055750000,0x0000000055850000)]

Other Threads:
  0x0000000054dbb000 VMThread [stack: 0x00000000558c0000,0x00000000559c0000] [id=6720]
  0x00000000561ef000 WatcherThread [stack: 0x0000000056600000,0x0000000056700000] [id=1004]

VM state:not at safepoint (normal execution)

VM Mutex/Monitor currently owned by a thread: None

Heap:
 PSYoungGen      total 35328K, used 8052K [0x00000000eab00000, 0x00000000ef800000, 0x0000000100000000)
  eden space 32768K, 16% used [0x00000000eab00000,0x00000000eb060850,0x00000000ecb00000)
  from space 2560K, 99% used [0x00000000ecb00000,0x00000000ecd7ca90,0x00000000ecd80000)
  to   space 6656K, 0% used [0x00000000ef180000,0x00000000ef180000,0x00000000ef800000)
 ParOldGen       total 44032K, used 6551K [0x00000000c0000000, 0x00000000c2b00000, 0x00000000eab00000)
  object space 44032K, 14% used [0x00000000c0000000,0x00000000c0665d38,0x00000000c2b00000)
 Metaspace       used 13731K, capacity 13962K, committed 14208K, reserved 1062912K
  class space    used 1323K, capacity 1376K, committed 1408K, reserved 1048576K

Card table byte_map: [0x0000000011b70000,0x0000000011d80000] byte_map_base: 0x0000000011570000

Marking Bits: (ParMarkBitMap*) 0x000000005e77b460
 Begin Bits: [0x0000000012290000, 0x0000000013290000)
 End Bits:   [0x0000000013290000, 0x0000000014290000)

Polling page: 0x00000000001d0000

CodeCache: size=245760Kb used=4138Kb max_used=4149Kb free=241621Kb
 bounds [0x00000000027b0000, 0x0000000002bd0000, 0x00000000117b0000]
 total_blobs=1708 nmethods=924 adapters=699
 compilation: enabled

Compilation events (10 events):
Event: 6.939 Thread 0x0000000054e2f000 nmethod 922 0x0000000002bbb9d0 code [0x0000000002bbbb20, 0x0000000002bbbc70]
Event: 6.939 Thread 0x0000000054e2f000  917       3       com.jogamp.common.util.Bitstream$ByteInputStream::mark (17 bytes)
Event: 6.939 Thread 0x0000000054e2f000 nmethod 917 0x0000000002bbb410 code [0x0000000002bbb580, 0x0000000002bbb8d0]
Event: 6.939 Thread 0x0000000054e2f000  918  s    3       java.io.BufferedInputStream::mark (14 bytes)
Event: 6.939 Thread 0x0000000054e2f000 nmethod 918 0x0000000002bbaf50 code [0x0000000002bbb0a0, 0x0000000002bbb350]
Event: 6.939 Thread 0x0000000054e2f000  914       3       java.io.BufferedInputStream::fill (233 bytes)
Event: 6.940 Thread 0x0000000054e2f000 nmethod 914 0x0000000002bb9e90 code [0x0000000002bba0c0, 0x0000000002bbabd8]
Event: 6.950 Thread 0x0000000054e2c800 nmethod 884% 0x0000000002bbf610 code [0x0000000002bbf7c0, 0x0000000002bc04f8]
Event: 6.950 Thread 0x0000000054e2c800  924       4       java.nio.DirectFloatBufferU::put (17 bytes)
Event: 6.951 Thread 0x0000000054e2c800 nmethod 924 0x0000000002baaf50 code [0x0000000002bab080, 0x0000000002bab118]

GC Heap History (10 events):
Event: 3.112 GC heap before
{Heap before GC invocations=1 (full 0):
 PSYoungGen      total 18944K, used 16384K [0x00000000eab00000, 0x00000000ec000000, 0x0000000100000000)
  eden space 16384K, 100% used [0x00000000eab00000,0x00000000ebb00000,0x00000000ebb00000)
  from space 2560K, 0% used [0x00000000ebd80000,0x00000000ebd80000,0x00000000ec000000)
  to   space 2560K, 0% used [0x00000000ebb00000,0x00000000ebb00000,0x00000000ebd80000)
 ParOldGen       total 44032K, used 0K [0x00000000c0000000, 0x00000000c2b00000, 0x00000000eab00000)
  object space 44032K, 0% used [0x00000000c0000000,0x00000000c0000000,0x00000000c2b00000)
 Metaspace       used 8863K, capacity 8993K, committed 9216K, reserved 1056768K
  class space    used 976K, capacity 1022K, committed 1024K, reserved 1048576K
Event: 3.122 GC heap after
Heap after GC invocations=1 (full 0):
 PSYoungGen      total 18944K, used 2538K [0x00000000eab00000, 0x00000000ec000000, 0x0000000100000000)
  eden space 16384K, 0% used [0x00000000eab00000,0x00000000eab00000,0x00000000ebb00000)
  from space 2560K, 99% used [0x00000000ebb00000,0x00000000ebd7a918,0x00000000ebd80000)
  to   space 2560K, 0% used [0x00000000ebd80000,0x00000000ebd80000,0x00000000ec000000)
 ParOldGen       total 44032K, used 1019K [0x00000000c0000000, 0x00000000c2b00000, 0x00000000eab00000)
  object space 44032K, 2% used [0x00000000c0000000,0x00000000c00feda8,0x00000000c2b00000)
 Metaspace       used 8863K, capacity 8993K, committed 9216K, reserved 1056768K
  class space    used 976K, capacity 1022K, committed 1024K, reserved 1048576K
}
Event: 4.136 GC heap before
{Heap before GC invocations=2 (full 0):
 PSYoungGen      total 18944K, used 18922K [0x00000000eab00000, 0x00000000ec000000, 0x0000000100000000)
  eden space 16384K, 100% used [0x00000000eab00000,0x00000000ebb00000,0x00000000ebb00000)
  from space 2560K, 99% used [0x00000000ebb00000,0x00000000ebd7a918,0x00000000ebd80000)
  to   space 2560K, 0% used [0x00000000ebd80000,0x00000000ebd80000,0x00000000ec000000)
 ParOldGen       total 44032K, used 1019K [0x00000000c0000000, 0x00000000c2b00000, 0x00000000eab00000)
  object space 44032K, 2% used [0x00000000c0000000,0x00000000c00feda8,0x00000000c2b00000)
 Metaspace       used 12068K, capacity 12160K, committed 12288K, reserved 1060864K
  class space    used 1145K, capacity 1179K, committed 1280K, reserved 1048576K
Event: 4.149 GC heap after
Heap after GC invocations=2 (full 0):
 PSYoungGen      total 18944K, used 2544K [0x00000000eab00000, 0x00000000ec000000, 0x0000000100000000)
  eden space 16384K, 0% used [0x00000000eab00000,0x00000000eab00000,0x00000000ebb00000)
  from space 2560K, 99% used [0x00000000ebd80000,0x00000000ebffc190,0x00000000ec000000)
  to   space 2560K, 0% used [0x00000000ebb00000,0x00000000ebb00000,0x00000000ebd80000)
 ParOldGen       total 44032K, used 1294K [0x00000000c0000000, 0x00000000c2b00000, 0x00000000eab00000)
  object space 44032K, 2% used [0x00000000c0000000,0x00000000c0143a00,0x00000000c2b00000)
 Metaspace       used 12068K, capacity 12160K, committed 12288K, reserved 1060864K
  class space    used 1145K, capacity 1179K, committed 1280K, reserved 1048576K
}
Event: 4.707 GC heap before
{Heap before GC invocations=3 (full 0):
 PSYoungGen      total 18944K, used 18928K [0x00000000eab00000, 0x00000000ec000000, 0x0000000100000000)
  eden space 16384K, 100% used [0x00000000eab00000,0x00000000ebb00000,0x00000000ebb00000)
  from space 2560K, 99% used [0x00000000ebd80000,0x00000000ebffc190,0x00000000ec000000)
  to   space 2560K, 0% used [0x00000000ebb00000,0x00000000ebb00000,0x00000000ebd80000)
 ParOldGen       total 44032K, used 1294K [0x00000000c0000000, 0x00000000c2b00000, 0x00000000eab00000)
  object space 44032K, 2% used [0x00000000c0000000,0x00000000c0143a00,0x00000000c2b00000)
 Metaspace       used 12174K, capacity 12288K, committed 12544K, reserved 1060864K
  class space    used 1157K, capacity 1179K, committed 1280K, reserved 1048576K
Event: 4.720 GC heap after
Heap after GC invocations=3 (full 0):
 PSYoungGen      total 18944K, used 2546K [0x00000000eab00000, 0x00000000ed000000, 0x0000000100000000)
  eden space 16384K, 0% used [0x00000000eab00000,0x00000000eab00000,0x00000000ebb00000)
  from space 2560K, 99% used [0x00000000ebb00000,0x00000000ebd7cab0,0x00000000ebd80000)
  to   space 2560K, 0% used [0x00000000ecd80000,0x00000000ecd80000,0x00000000ed000000)
 ParOldGen       total 44032K, used 2134K [0x00000000c0000000, 0x00000000c2b00000, 0x00000000eab00000)
  object space 44032K, 4% used [0x00000000c0000000,0x00000000c0215ab0,0x00000000c2b00000)
 Metaspace       used 12174K, capacity 12288K, committed 12544K, reserved 1060864K
  class space    used 1157K, capacity 1179K, committed 1280K, reserved 1048576K
}
Event: 5.295 GC heap before
{Heap before GC invocations=4 (full 0):
 PSYoungGen      total 18944K, used 18930K [0x00000000eab00000, 0x00000000ed000000, 0x0000000100000000)
  eden space 16384K, 100% used [0x00000000eab00000,0x00000000ebb00000,0x00000000ebb00000)
  from space 2560K, 99% used [0x00000000ebb00000,0x00000000ebd7cab0,0x00000000ebd80000)
  to   space 2560K, 0% used [0x00000000ecd80000,0x00000000ecd80000,0x00000000ed000000)
 ParOldGen       total 44032K, used 2134K [0x00000000c0000000, 0x00000000c2b00000, 0x00000000eab00000)
  object space 44032K, 4% used [0x00000000c0000000,0x00000000c0215ab0,0x00000000c2b00000)
 Metaspace       used 12181K, capacity 12288K, committed 12544K, reserved 1060864K
  class space    used 1157K, capacity 1179K, committed 1280K, reserved 1048576K
Event: 5.306 GC heap after
Heap after GC invocations=4 (full 0):
 PSYoungGen      total 35328K, used 2546K [0x00000000eab00000, 0x00000000ed000000, 0x0000000100000000)
  eden space 32768K, 0% used [0x00000000eab00000,0x00000000eab00000,0x00000000ecb00000)
  from space 2560K, 99% used [0x00000000ecd80000,0x00000000ecffca90,0x00000000ed000000)
  to   space 2560K, 0% used [0x00000000ecb00000,0x00000000ecb00000,0x00000000ecd80000)
 ParOldGen       total 44032K, used 2214K [0x00000000c0000000, 0x00000000c2b00000, 0x00000000eab00000)
  object space 44032K, 5% used [0x00000000c0000000,0x00000000c0229ab0,0x00000000c2b00000)
 Metaspace       used 12181K, capacity 12288K, committed 12544K, reserved 1060864K
  class space    used 1157K, capacity 1179K, committed 1280K, reserved 1048576K
}
Event: 6.770 GC heap before
{Heap before GC invocations=5 (full 0):
 PSYoungGen      total 35328K, used 35314K [0x00000000eab00000, 0x00000000ed000000, 0x0000000100000000)
  eden space 32768K, 100% used [0x00000000eab00000,0x00000000ecb00000,0x00000000ecb00000)
  from space 2560K, 99% used [0x00000000ecd80000,0x00000000ecffca90,0x00000000ed000000)
  to   space 2560K, 0% used [0x00000000ecb00000,0x00000000ecb00000,0x00000000ecd80000)
 ParOldGen       total 44032K, used 2214K [0x00000000c0000000, 0x00000000c2b00000, 0x00000000eab00000)
  object space 44032K, 5% used [0x00000000c0000000,0x00000000c0229ab0,0x00000000c2b00000)
 Metaspace       used 13698K, capacity 13894K, committed 13952K, reserved 1062912K
  class space    used 1321K, capacity 1373K, committed 1408K, reserved 1048576K
Event: 6.786 GC heap after
Heap after GC invocations=5 (full 0):
 PSYoungGen      total 35328K, used 2546K [0x00000000eab00000, 0x00000000ef800000, 0x0000000100000000)
  eden space 32768K, 0% used [0x00000000eab00000,0x00000000eab00000,0x00000000ecb00000)
  from space 2560K, 99% used [0x00000000ecb00000,0x00000000ecd7ca90,0x00000000ecd80000)
  to   space 6656K, 0% used [0x00000000ef180000,0x00000000ef180000,0x00000000ef800000)
 ParOldGen       total 44032K, used 6551K [0x00000000c0000000, 0x00000000c2b00000, 0x00000000eab00000)
  object space 44032K, 14% used [0x00000000c0000000,0x00000000c0665d38,0x00000000c2b00000)
 Metaspace       used 13698K, capacity 13894K, committed 13952K, reserved 1062912K
  class space    used 1321K, capacity 1373K, committed 1408K, reserved 1048576K
}

Deoptimization events (2 events):
Event: 5.420 Thread 0x0000000056fc5000 Uncommon trap: reason=unreached action=reinterpret pc=0x0000000002aebe48 method=java.lang.Class.searchFields([Ljava/lang/reflect/Field;Ljava/lang/String;)Ljava/lang/reflect/Field; @ 20
Event: 5.578 Thread 0x00000000021ee000 Uncommon trap: reason=unreached action=reinterpret pc=0x0000000002ae3c70 method=java.lang.reflect.AccessibleObject.setAccessible0(Ljava/lang/reflect/AccessibleObject;Z)V @ 4

Internal exceptions (10 events):
Event: 2.839 Thread 0x00000000021ee000 Exception <a 'java/lang/NoSuchFieldError': method resolution failed> (0x00000000eb5b8c70) thrown at [D:\re\workspace\8-2-build-windows-amd64-cygwin\jdk8u20\1074\hotspot\src\share\vm\prims\methodHandles.cpp, line 1159]
Event: 2.840 Thread 0x00000000021ee000 Exception <a 'java/lang/NoSuchFieldError': method resolution failed> (0x00000000eb5bc0f0) thrown at [D:\re\workspace\8-2-build-windows-amd64-cygwin\jdk8u20\1074\hotspot\src\share\vm\prims\methodHandles.cpp, line 1159]
Event: 2.915 Thread 0x00000000021ee000 Exception <a 'java/io/FileNotFoundException'> (0x00000000eb6d2b50) thrown at [D:\re\workspace\8-2-build-windows-amd64-cygwin\jdk8u20\1074\hotspot\src\share\vm\prims\jni.cpp, line 716]
Event: 5.422 Thread 0x00000000021ee000 Exception <a 'java/lang/InterruptedException'> (0x00000000eabf0a90) thrown at [D:\re\workspace\8-2-build-windows-amd64-cygwin\jdk8u20\1074\hotspot\src\share\vm\runtime\objectMonitor.cpp, line 1682]
Event: 6.259 Thread 0x00000000021ee000 Exception <a 'java/security/PrivilegedActionException'> (0x00000000eb2683e0) thrown at [D:\re\workspace\8-2-build-windows-amd64-cygwin\jdk8u20\1074\hotspot\src\share\vm\prims\jvm.cpp, line 1275]
Event: 6.261 Thread 0x00000000021ee000 Exception <a 'java/security/PrivilegedActionException'> (0x00000000eb26ef28) thrown at [D:\re\workspace\8-2-build-windows-amd64-cygwin\jdk8u20\1074\hotspot\src\share\vm\prims\jvm.cpp, line 1275]
Event: 6.263 Thread 0x00000000021ee000 Exception <a 'java/security/PrivilegedActionException'> (0x00000000eb27e6a8) thrown at [D:\re\workspace\8-2-build-windows-amd64-cygwin\jdk8u20\1074\hotspot\src\share\vm\prims\jvm.cpp, line 1275]
Event: 6.290 Thread 0x0000000056bdc000 Exception <a 'java/security/PrivilegedActionException'> (0x00000000eb491308) thrown at [D:\re\workspace\8-2-build-windows-amd64-cygwin\jdk8u20\1074\hotspot\src\share\vm\prims\jvm.cpp, line 1275]
Event: 6.291 Thread 0x0000000056bdc000 Exception <a 'java/security/PrivilegedActionException'> (0x00000000eb4ed020) thrown at [D:\re\workspace\8-2-build-windows-amd64-cygwin\jdk8u20\1074\hotspot\src\share\vm\prims\jvm.cpp, line 1275]
Event: 6.902 Thread 0x0000000056bdc000 Exception <a 'java/security/PrivilegedActionException'> (0x00000000eb011ec0) thrown at [D:\re\workspace\8-2-build-windows-amd64-cygwin\jdk8u20\1074\hotspot\src\share\vm\prims\jvm.cpp, line 1275]

Events (10 events):
Event: 6.876 Thread 0x0000000056bdc000 DEOPT PACKING pc=0x0000000002b4b265 sp=0x000000005ddde590
Event: 6.876 Thread 0x0000000056bdc000 DEOPT UNPACKING pc=0x00000000027f71bf sp=0x000000005ddde2a8 mode 0
Event: 6.877 Thread 0x0000000056bdc000 DEOPT PACKING pc=0x0000000002b4b265 sp=0x000000005ddde590
Event: 6.877 Thread 0x0000000056bdc000 DEOPT UNPACKING pc=0x00000000027f71bf sp=0x000000005ddde2a8 mode 0
Event: 6.901 loading class icp/Terrain
Event: 6.901 loading class icp/Terrain done
Event: 6.910 loading class com/sun/prism/impl/BufferUtil
Event: 6.910 loading class com/sun/prism/impl/BufferUtil done
Event: 6.952 loading class com/jogamp/opengl/math/VectorUtil
Event: 6.952 loading class com/jogamp/opengl/math/VectorUtil done


Dynamic libraries:
0x000000013f730000 - 0x000000013f764000 	C:\Program Files\Java\jdk1.8.0_20\jre\bin\java.exe
0x00000000778e0000 - 0x0000000077a89000 	C:\Windows\SYSTEM32\ntdll.dll
0x00000000777c0000 - 0x00000000778e0000 	C:\Windows\system32\kernel32.dll
0x000007fefd8c0000 - 0x000007fefd92c000 	C:\Windows\system32\KERNELBASE.dll
0x000007feff500000 - 0x000007feff5db000 	C:\Windows\system32\ADVAPI32.dll
0x000007fefda40000 - 0x000007fefdadf000 	C:\Windows\system32\msvcrt.dll
0x000007feffa40000 - 0x000007feffa5f000 	C:\Windows\SYSTEM32\sechost.dll
0x000007feff6f0000 - 0x000007feff81d000 	C:\Windows\system32\RPCRT4.dll
0x00000000776c0000 - 0x00000000777ba000 	C:\Windows\system32\USER32.dll
0x000007feff950000 - 0x000007feff9b7000 	C:\Windows\system32\GDI32.dll
0x000007feff630000 - 0x000007feff63e000 	C:\Windows\system32\LPK.dll
0x000007feff820000 - 0x000007feff8e9000 	C:\Windows\system32\USP10.dll
0x000007fefc230000 - 0x000007fefc424000 	C:\Windows\WinSxS\amd64_microsoft.windows.common-controls_6595b64144ccf1df_6.0.7601.18837_none_fa3b1e3d17594757\COMCTL32.dll
0x000007feff9c0000 - 0x000007feffa31000 	C:\Windows\system32\SHLWAPI.dll
0x000007fefdfd0000 - 0x000007fefdffe000 	C:\Windows\system32\IMM32.DLL
0x000007fefee10000 - 0x000007fefef19000 	C:\Windows\system32\MSCTF.dll
0x000000006c900000 - 0x000000006c9d2000 	C:\Program Files\Java\jdk1.8.0_20\jre\bin\msvcr100.dll
0x000000005dfa0000 - 0x000000005e7f8000 	C:\Program Files\Java\jdk1.8.0_20\jre\bin\server\jvm.dll
0x000007fef43d0000 - 0x000007fef43d9000 	C:\Windows\system32\WSOCK32.dll
0x000007feff5e0000 - 0x000007feff62d000 	C:\Windows\system32\WS2_32.dll
0x000007feff640000 - 0x000007feff648000 	C:\Windows\system32\NSI.dll
0x000007fef8a10000 - 0x000007fef8a4b000 	C:\Windows\system32\WINMM.dll
0x0000000077ab0000 - 0x0000000077ab7000 	C:\Windows\system32\PSAPI.DLL
0x0000000071f60000 - 0x0000000071f6f000 	C:\Program Files\Java\jdk1.8.0_20\jre\bin\verify.dll
0x00000000673d0000 - 0x00000000673f8000 	C:\Program Files\Java\jdk1.8.0_20\jre\bin\java.dll
0x0000000067380000 - 0x0000000067396000 	C:\Program Files\Java\jdk1.8.0_20\jre\bin\zip.dll
0x000007fefe080000 - 0x000007fefee09000 	C:\Windows\system32\SHELL32.dll
0x000007feff1f0000 - 0x000007feff3f3000 	C:\Windows\system32\ole32.dll
0x000007fefd690000 - 0x000007fefd69f000 	C:\Windows\system32\profapi.dll
0x000007fefcec0000 - 0x000007fefced8000 	C:\Windows\system32\CRYPTSP.dll
0x000007fefcbc0000 - 0x000007fefcc07000 	C:\Windows\system32\rsaenh.dll
0x000007fefd940000 - 0x000007fefd95e000 	C:\Windows\system32\USERENV.dll
0x000007fefd520000 - 0x000007fefd52f000 	C:\Windows\system32\CRYPTBASE.dll
0x000000006c8e0000 - 0x000000006c8fa000 	C:\Program Files\Java\jdk1.8.0_20\jre\bin\net.dll
0x000007fefce60000 - 0x000007fefceb5000 	C:\Windows\system32\mswsock.dll
0x000007fefce50000 - 0x000007fefce57000 	C:\Windows\System32\wship6.dll
0x000007fefafd0000 - 0x000007fefaff7000 	C:\Windows\system32\IPHLPAPI.DLL
0x000007fefafc0000 - 0x000007fefafcb000 	C:\Windows\system32\WINNSI.DLL
0x000007fefaae0000 - 0x000007fefaaf1000 	C:\Windows\system32\dhcpcsvc6.DLL
0x000007fefab00000 - 0x000007fefab18000 	C:\Windows\system32\dhcpcsvc.DLL
0x0000000062e90000 - 0x0000000062ea1000 	C:\Program Files\Java\jdk1.8.0_20\jre\bin\nio.dll
0x000007fefd4c0000 - 0x000007fefd517000 	C:\Windows\system32\apphelp.dll
0x00000000637c0000 - 0x00000000637cd000 	C:\Users\Ales\AppData\Local\Temp\jogamp_0000\file_cache\jln1449465310950803318\jln1837500032569879406\gluegen-rt.dll
0x000000005de00000 - 0x000000005df98000 	C:\Program Files\Java\jdk1.8.0_20\jre\bin\awt.dll
0x000007feff400000 - 0x000007feff4d7000 	C:\Windows\system32\OLEAUT32.dll
0x000007fefbeb0000 - 0x000007fefbf06000 	C:\Windows\system32\uxtheme.dll
0x000007fefb980000 - 0x000007fefb998000 	C:\Windows\system32\dwmapi.dll
0x0000000180000000 - 0x000000018004a000 	C:\Program Files\Packard Bell\Packard Bell Power Management\SysHook.dll
0x000007fef8690000 - 0x000007fef8701000 	C:\Windows\system32\WINSPOOL.DRV
0x0000000071d30000 - 0x0000000071d37000 	C:\Program Files\Java\jdk1.8.0_20\jre\bin\jawt.dll
0x000000006a440000 - 0x000000006a44d000 	C:\Users\Ales\AppData\Local\Temp\jogamp_0000\file_cache\jln1449465310950803318\jln1837500032569879406\nativewindow_awt.dll
0x000007feeeb00000 - 0x000007feeecff000 	C:\Windows\system32\d3d9.dll
0x000007fefc750000 - 0x000007fefc75c000 	C:\Windows\system32\VERSION.dll
0x000007fef4290000 - 0x000007fef4297000 	C:\Windows\system32\d3d8thk.dll
0x000007fef4280000 - 0x000007fef428d000 	C:\Windows\system32\atiu9p64.dll
0x000000005d2b0000 - 0x000000005d7b8000 	C:\Windows\system32\atiumd64.dll
0x000000005cf80000 - 0x000000005d2ac000 	C:\Windows\system32\atiumd6a.dll
0x000000006c100000 - 0x000000006c10f000 	C:\Users\Ales\AppData\Local\Temp\jogamp_0000\file_cache\jln1449465310950803318\jln1837500032569879406\nativewindow_win32.dll
0x000007fef8850000 - 0x000007fef896d000 	C:\Windows\system32\OpenGL32.dll
0x000007fef8820000 - 0x000007fef884d000 	C:\Windows\system32\GLU32.dll
0x000007fef8720000 - 0x000007fef8811000 	C:\Windows\system32\DDRAW.dll
0x000007fef8710000 - 0x000007fef8718000 	C:\Windows\system32\DCIMAN32.dll
0x000007fefddf0000 - 0x000007fefdfc7000 	C:\Windows\system32\SETUPAPI.dll
0x000007fefda00000 - 0x000007fefda36000 	C:\Windows\system32\CFGMGR32.dll
0x000007fefd960000 - 0x000007fefd97a000 	C:\Windows\system32\DEVOBJ.dll
0x0000000064500000 - 0x00000000645ae000 	C:\Users\Ales\AppData\Local\Temp\jogamp_0000\file_cache\jln1449465310950803318\jln1837500032569879406\jogl_desktop.dll
0x0000000064340000 - 0x00000000643a0000 	C:\Users\Ales\AppData\Local\Temp\jogamp_0000\file_cache\jln1449465310950803318\jln1837500032569879406\jogl_mobile.dll
0x000007fef9140000 - 0x000007fef9148000 	C:\Windows\system32\atig6pxx.dll
0x000000005e800000 - 0x000000005fcac000 	C:\Windows\system32\atio6axx.dll
0x000007fef42c0000 - 0x000007fef42ca000 	C:\Windows\system32\atig6txx.dll
0x0000000011ee0000 - 0x0000000011f37000 	C:\Windows\system32\atiadlxx.dll
0x000007fefd990000 - 0x000007fefd9cb000 	C:\Windows\system32\WINTRUST.dll
0x000007fefd6a0000 - 0x000007fefd80d000 	C:\Windows\system32\CRYPT32.dll
0x000007fefd680000 - 0x000007fefd68f000 	C:\Windows\system32\MSASN1.dll
0x000000006cbc0000 - 0x000000006cbd3000 	C:\Users\Ales\AppData\Local\Temp\jogamp_0000\file_cache\jln1449465310950803318\jln1837500032569879406\newt.dll
0x000007fef0910000 - 0x000007fef09ac000 	C:\Windows\system32\mscms.dll
0x000007fef08c0000 - 0x000007fef0902000 	C:\Windows\system32\icm32.dll
0x000007fef8530000 - 0x000007fef8655000 	C:\Windows\system32\dbghelp.dll

VM Arguments:
jvm_args: -Dfile.encoding=Cp1250 -Djava.library.path=C:\Program Files\Java\jdk1.8.0_20\jre\lib\ext\gluegen-rt.jar;C:\Program Files\Java\jdk1.8.0_20\jre\lib\ext\gluegen-rt-natives-windows-amd64.jar;C:\Program Files\Java\jdk1.8.0_20\jre\lib\ext\jogl-all-natives-windows-amd64.jar;C:\Program Files\Java\jdk1.8.0_20\jre\lib\ext\jogl-all.jar-natives-windows-amd64;C:\Users\Ales\AppData\Roaming\NetBeans\8.0.1\gluegen-runtime\gluegen-rt.jar-natives-windows-amd64 
java_command: icp.ICP
java_class_path (initial): C:\Users\Ales\AppData\Roaming\NetBeans\8.0.1\gluegen-runtime\gluegen-rt.jar;C:\Program Files\Java\jdk1.8.0_20\jre\lib\ext\gluegen-rt.jar;C:\Program Files\Java\jdk1.8.0_20\jre\lib\ext\gluegen-rt-natives-windows-amd64.jar;C:\Program Files\Java\jdk1.8.0_20\jre\lib\ext\jogl-all-natives-windows-amd64.jar;C:\Program Files\Java\jdk1.8.0_20\jre\lib\ext\jogl-all.jar;C:\Users\Ales\Documents\NetBeansProjects\ICP\build\classes
Launcher Type: SUN_STANDARD

Environment Variables:
JAVA_HOME=C:\Program Files\Java\jdk1.8.0_20
PATH=C:\Program Files (x86)\Vector vFlash 2.7\Bin\;C:\ProgramData\Oracle\Java\javapath;C:\Windows\system32;C:\Windows;C:\Windows\System32\Wbem;C:\Windows\System32\WindowsPowerShell\v1.0\;C:\Program Files (x86)\ATI Technologies\ATI.ACE\Core-Static;C:\Program Files (x86)\Windows Kits\8.1\Windows Performance Toolkit\;C:\Program Files\Microsoft SQL Server\110\Tools\Binn\;C:\Program Files (x86)\Microsoft SDKs\TypeScript\1.0\;C:\Program Files (x86)\MiKTeX 2.9\miktex\bin\;C:\Program Files\TortoiseSVN\bin;C:\Program Files (x86)\Vector vFlash 2.7\Bin\;C:\ProgramData\Oracle\Java\javapath;C:\Windows\system32;C:\Windows;C:\Windows\System32\Wbem;C:\Windows\System32\WindowsPowerShell\v1.0\;C:\Program Files (x86)\ATI Technologies\ATI.ACE\Core-Static;C:\Program Files (x86)\Windows Kits\8.1\Windows Performance Toolkit\;C:\Program Files\Microsoft SQL Server\110\Tools\Binn\;C:\Program Files (x86)\Microsoft SDKs\TypeScript\1.0\;C:\Program Files (x86)\MiKTeX 2.9\miktex\bin\;C:\Program Files\TortoiseSVN\bin;C:\opencv\build\x86\vc12\bin
USERNAME=Ales
OS=Windows_NT
PROCESSOR_IDENTIFIER=AMD64 Family 16 Model 6 Stepping 3, AuthenticAMD



---------------  S Y S T E M  ---------------

OS: Windows 7 , 64 bit Build 7601 Service Pack 1

CPU:total 2 (2 cores per cpu, 1 threads per core) family 16 model 6 stepping 3, cmov, cx8, fxsr, mmx, sse, sse2, sse3, popcnt, mmxext, 3dnowpref, lzcnt, tsc, tscinvbit, tscinv

Memory: 4k page, physical 4189080k(596244k free), swap 8376324k(4235524k free)

vm_info: Java HotSpot(TM) 64-Bit Server VM (25.20-b23) for windows-amd64 JRE (1.8.0_20-b26), built on Jul 30 2014 13:51:23 by "java_re" with MS VC++ 10.0 (VS2010)

time: Mon Oct 26 17:49:51 2015
elapsed time: 6 seconds (0d 0h 0m 6s)

