#
# A fatal error has been detected by the Java Runtime Environment:
#
#  EXCEPTION_ACCESS_VIOLATION (0xc0000005) at pc=0x00007ffd5b9eefd1, pid=6108, tid=4564
#
# JRE version: Java(TM) SE Runtime Environment (8.0_40-b26) (build 1.8.0_40-b26)
# Java VM: Java HotSpot(TM) 64-Bit Server VM (25.40-b25 mixed mode windows-amd64 compressed oops)
# Problematic frame:
# C  [ig7icd64.dll+0x6efd1]
#
# Failed to write core dump. Minidumps are not enabled by default on client versions of Windows
#
# If you would like to submit a bug report, please visit:
#   http://bugreport.java.com/bugreport/crash.jsp
# The crash happened outside the Java Virtual Machine in native code.
# See problematic frame for where to report the bug.
#

---------------  T H R E A D  ---------------

Current thread (0x00000000171f5800):  JavaThread "main-FPSAWTAnimator#00-Timer0" [_thread_in_native, id=4564, stack(0x000000001b5b0000,0x000000001b6b0000)]

siginfo: ExceptionCode=0xc0000005, writing address 0x0000000000000000

Registers:
RAX=0x0000000000000000, RBX=0x0000000000000001, RCX=0x0000000000000000, RDX=0x0000000000f100a8
RSP=0x000000001b6aef60, RBP=0x000000000001d4c0, RSI=0x0000000000000000, RDI=0x0000000018f6f000
R8 =0x0000000000000001, R9 =0x000000000000000f, R10=0x00000000195564d0, R11=0x0000000000000000
R12=0x0000000000000000, R13=0x0000000018520b28, R14=0x000000001b6af078, R15=0x00000000171f5800
RIP=0x00007ffd5b9eefd1, EFLAGS=0x0000000000010206

Top of Stack: (sp=0x000000001b6aef60)
0x000000001b6aef60:   0000000018f6f000 0000000000000000
0x000000001b6aef70:   0000000000000000 0000000018520b28
0x000000001b6aef80:   0000000002317ced 0000000002325e34
0x000000001b6aef90:   0000000018520b28 000000001b6af028
0x000000001b6aefa0:   0000000000000188 0000000002317ced
0x000000001b6aefb0:   0000000000000000 0000000000000001
0x000000001b6aefc0:   00007ffd5be66510 0000000018520b28
0x000000001b6aefd0:   0000000000000188 00000000171f5800
0x000000001b6aefe0:   0000000002325b62 000000001b6aefe8
0x000000001b6aeff0:   0000000018520b28 000000001b6af078
0x000000001b6af000:   0000000018600028 0000000000000000
0x000000001b6af010:   0000000018520b28 0000000000000000
0x000000001b6af020:   000000001b6af048 000000001b6af0c0
0x000000001b6af030:   0000000002317ced 0000000000000000
0x000000001b6af040:   000000000231f978 00007ffd5be66510
0x000000001b6af050:   0000000002317730 0000000000000001 

Instructions: (pc=0x00007ffd5b9eefd1)
0x00007ffd5b9eefb1:   42 00 48 8b 8f 10 e0 01 00 48 8b 49 18 8b d8 48
0x00007ffd5b9eefc1:   85 c9 74 06 ff 15 ad 74 4a 00 33 c9 85 ed 7e 0d
0x00007ffd5b9eefd1:   89 1c 8e 48 ff c1 ff c3 48 3b cd 7c f3 48 8b 5c
0x00007ffd5b9eefe1:   24 30 48 8b 6c 24 38 48 8b 74 24 40 48 83 c4 20 


Register to memory mapping:

RAX=0x0000000000000000 is an unknown value
RBX=0x0000000000000001 is an unknown value
RCX=0x0000000000000000 is an unknown value
RDX=0x0000000000f100a8 is an unknown value
RSP=0x000000001b6aef60 is pointing into the stack for thread: 0x00000000171f5800
RBP=0x000000000001d4c0 is pointing into the stack for thread: 0x000000001654e800
RSI=0x0000000000000000 is an unknown value
RDI=0x0000000018f6f000 is an unknown value
R8 =0x0000000000000001 is an unknown value
R9 =0x000000000000000f is an unknown value
R10=0x00000000195564d0 is an unknown value
R11=0x0000000000000000 is an unknown value
R12=0x0000000000000000 is an unknown value
R13={method} {0x0000000018520b30} 'dispatch_glGenBuffers1' '(ILjava/lang/Object;IZJ)V' in 'jogamp/opengl/gl4/GL4bcImpl'
R14=0x000000001b6af078 is pointing into the stack for thread: 0x00000000171f5800
R15=0x00000000171f5800 is a thread


Stack: [0x000000001b5b0000,0x000000001b6b0000],  sp=0x000000001b6aef60,  free space=1019k
Native frames: (J=compiled Java code, j=interpreted, Vv=VM code, C=native code)
C  [ig7icd64.dll+0x6efd1]
C  0x0000000002325e34

Java frames: (J=compiled Java code, j=interpreted, Vv=VM code)
j  jogamp.opengl.gl4.GL4bcImpl.dispatch_glGenBuffers1(ILjava/lang/Object;IZJ)V+0
j  jogamp.opengl.gl4.GL4bcImpl.glGenBuffers(ILjava/nio/IntBuffer;)V+81
j  icp.Terrain.draw(Lcom/jogamp/opengl/GL2;)V+6
j  icp.ICP.display(Lcom/jogamp/opengl/GLAutoDrawable;)V+112
j  jogamp.opengl.GLDrawableHelper.displayImpl(Lcom/jogamp/opengl/GLAutoDrawable;)V+62
j  jogamp.opengl.GLDrawableHelper.display(Lcom/jogamp/opengl/GLAutoDrawable;)V+2
j  jogamp.opengl.GLAutoDrawableBase$2.run()V+59
j  jogamp.opengl.GLDrawableHelper.invokeGLImpl(Lcom/jogamp/opengl/GLDrawable;Lcom/jogamp/opengl/GLContext;Ljava/lang/Runnable;Ljava/lang/Runnable;)V+203
j  jogamp.opengl.GLDrawableHelper.invokeGL(Lcom/jogamp/opengl/GLDrawable;Lcom/jogamp/opengl/GLContext;Ljava/lang/Runnable;Ljava/lang/Runnable;)V+72
j  com.jogamp.newt.opengl.GLWindow.display()V+90
j  com.jogamp.opengl.util.AWTAnimatorImpl.display(Ljava/util/ArrayList;ZZ)V+68
j  com.jogamp.opengl.util.AnimatorBase.display()V+16
j  com.jogamp.opengl.util.FPSAnimator$MainTask.run()V+216
j  java.util.TimerThread.mainLoop()V+221
j  java.util.TimerThread.run()V+1
v  ~StubRoutines::call_stub

---------------  P R O C E S S  ---------------

Java Threads: ( => current thread )
  0x0000000002210800 JavaThread "DestroyJavaVM" [_thread_blocked, id=3160, stack(0x00000000020b0000,0x00000000021b0000)]
=>0x00000000171f5800 JavaThread "main-FPSAWTAnimator#00-Timer0" [_thread_in_native, id=4564, stack(0x000000001b5b0000,0x000000001b6b0000)]
  0x0000000017220800 JavaThread "main-Display-.windows_nil-1-EDT-1" daemon [_thread_blocked, id=5736, stack(0x000000001ab00000,0x000000001ac00000)]
  0x000000001716c800 JavaThread "main-SharedResourceRunner" daemon [_thread_blocked, id=3104, stack(0x00000000188a0000,0x00000000189a0000)]
  0x0000000016f12800 JavaThread "AWT-Windows" daemon [_thread_in_native, id=4388, stack(0x0000000000210000,0x0000000000310000)]
  0x000000001654e800 JavaThread "Java2D Disposer" daemon [_thread_blocked, id=1116, stack(0x0000000000010000,0x0000000000110000)]
  0x0000000016180800 JavaThread "Service Thread" daemon [_thread_blocked, id=2052, stack(0x0000000016550000,0x0000000016650000)]
  0x0000000014911800 JavaThread "C1 CompilerThread2" daemon [_thread_blocked, id=4664, stack(0x0000000016050000,0x0000000016150000)]
  0x0000000014901000 JavaThread "C2 CompilerThread1" daemon [_thread_blocked, id=820, stack(0x0000000015f50000,0x0000000016050000)]
  0x00000000148fc000 JavaThread "C2 CompilerThread0" daemon [_thread_blocked, id=2876, stack(0x0000000015e50000,0x0000000015f50000)]
  0x00000000148fa800 JavaThread "Attach Listener" daemon [_thread_blocked, id=4468, stack(0x0000000015d50000,0x0000000015e50000)]
  0x00000000148f9800 JavaThread "Signal Dispatcher" daemon [_thread_blocked, id=2908, stack(0x0000000015c50000,0x0000000015d50000)]
  0x0000000002306000 JavaThread "Finalizer" daemon [_thread_blocked, id=3524, stack(0x0000000015b50000,0x0000000015c50000)]
  0x00000000022fd000 JavaThread "Reference Handler" daemon [_thread_blocked, id=4756, stack(0x0000000015a50000,0x0000000015b50000)]

Other Threads:
  0x00000000148c7800 VMThread [stack: 0x0000000015950000,0x0000000015a50000] [id=3496]
  0x0000000016189000 WatcherThread [stack: 0x0000000016650000,0x0000000016750000] [id=2184]

VM state:not at safepoint (normal execution)

VM Mutex/Monitor currently owned by a thread: None

Heap:
 PSYoungGen      total 35328K, used 16828K [0x00000000eb300000, 0x00000000ed800000, 0x0000000100000000)
  eden space 32768K, 43% used [0x00000000eb300000,0x00000000ec0f24a8,0x00000000ed300000)
  from space 2560K, 99% used [0x00000000ed580000,0x00000000ed7fcd48,0x00000000ed800000)
  to   space 2560K, 0% used [0x00000000ed300000,0x00000000ed300000,0x00000000ed580000)
 ParOldGen       total 44032K, used 5720K [0x00000000c1800000, 0x00000000c4300000, 0x00000000eb300000)
  object space 44032K, 12% used [0x00000000c1800000,0x00000000c1d96328,0x00000000c4300000)
 Metaspace       used 14023K, capacity 14224K, committed 14592K, reserved 1062912K
  class space    used 1361K, capacity 1409K, committed 1536K, reserved 1048576K

Card table byte_map: [0x00000000116d0000,0x00000000118d0000] byte_map_base: 0x00000000110c4000

Marking Bits: (ParMarkBitMap*) 0x0000000075944040
 Begin Bits: [0x0000000011e20000, 0x0000000012dc0000)
 End Bits:   [0x0000000012dc0000, 0x0000000013d60000)

Polling page: 0x0000000000890000

CodeCache: size=245760Kb used=3910Kb max_used=3910Kb free=241849Kb
 bounds [0x0000000002310000, 0x00000000026f0000, 0x0000000011310000]
 total_blobs=1712 nmethods=906 adapters=719
 compilation: enabled

Compilation events (10 events):
Event: 3.648 Thread 0x0000000014911800  867       3       jdk.internal.org.objectweb.asm.ClassWriter::put122 (15 bytes)
Event: 3.649 Thread 0x0000000014911800 nmethod 867 0x00000000026c1fd0 code [0x00000000026c2140, 0x00000000026c2338]
Event: 3.651 Thread 0x0000000014911800  868       3       java.nio.Buffer::nextPutIndex (31 bytes)
Event: 3.651 Thread 0x0000000014911800 nmethod 868 0x00000000026c1b90 code [0x00000000026c1d00, 0x00000000026c1f08]
Event: 3.651 Thread 0x0000000014911800  869       3       java.nio.DirectFloatBufferU::put (17 bytes)
Event: 3.652 Thread 0x0000000014911800 nmethod 869 0x00000000026c7190 code [0x00000000026c7300, 0x00000000026c7668]
Event: 3.652 Thread 0x0000000014911800  870       3       java.nio.DirectFloatBufferU::ix (10 bytes)
Event: 3.652 Thread 0x0000000014911800 nmethod 870 0x000000000264dc50 code [0x000000000264dda0, 0x000000000264df10]
Event: 3.652 Thread 0x00000000148fc000  872       4       java.nio.DirectFloatBufferU::put (17 bytes)
Event: 3.654 Thread 0x00000000148fc000 nmethod 872 0x0000000002659e50 code [0x0000000002659f80, 0x000000000265a038]

GC Heap History (8 events):
Event: 2.285 GC heap before
{Heap before GC invocations=1 (full 0):
 PSYoungGen      total 18944K, used 16384K [0x00000000eb300000, 0x00000000ec800000, 0x0000000100000000)
  eden space 16384K, 100% used [0x00000000eb300000,0x00000000ec300000,0x00000000ec300000)
  from space 2560K, 0% used [0x00000000ec580000,0x00000000ec580000,0x00000000ec800000)
  to   space 2560K, 0% used [0x00000000ec300000,0x00000000ec300000,0x00000000ec580000)
 ParOldGen       total 44032K, used 0K [0x00000000c1800000, 0x00000000c4300000, 0x00000000eb300000)
  object space 44032K, 0% used [0x00000000c1800000,0x00000000c1800000,0x00000000c4300000)
 Metaspace       used 12212K, capacity 12328K, committed 12544K, reserved 1060864K
  class space    used 1179K, capacity 1246K, committed 1280K, reserved 1048576K
Event: 2.299 GC heap after
Heap after GC invocations=1 (full 0):
 PSYoungGen      total 18944K, used 2554K [0x00000000eb300000, 0x00000000ec800000, 0x0000000100000000)
  eden space 16384K, 0% used [0x00000000eb300000,0x00000000eb300000,0x00000000ec300000)
  from space 2560K, 99% used [0x00000000ec300000,0x00000000ec57eb78,0x00000000ec580000)
  to   space 2560K, 0% used [0x00000000ec580000,0x00000000ec580000,0x00000000ec800000)
 ParOldGen       total 44032K, used 775K [0x00000000c1800000, 0x00000000c4300000, 0x00000000eb300000)
  object space 44032K, 1% used [0x00000000c1800000,0x00000000c18c1da8,0x00000000c4300000)
 Metaspace       used 12212K, capacity 12328K, committed 12544K, reserved 1060864K
  class space    used 1179K, capacity 1246K, committed 1280K, reserved 1048576K
}
Event: 2.625 GC heap before
{Heap before GC invocations=2 (full 0):
 PSYoungGen      total 18944K, used 18938K [0x00000000eb300000, 0x00000000ec800000, 0x0000000100000000)
  eden space 16384K, 100% used [0x00000000eb300000,0x00000000ec300000,0x00000000ec300000)
  from space 2560K, 99% used [0x00000000ec300000,0x00000000ec57eb78,0x00000000ec580000)
  to   space 2560K, 0% used [0x00000000ec580000,0x00000000ec580000,0x00000000ec800000)
 ParOldGen       total 44032K, used 775K [0x00000000c1800000, 0x00000000c4300000, 0x00000000eb300000)
  object space 44032K, 1% used [0x00000000c1800000,0x00000000c18c1da8,0x00000000c4300000)
 Metaspace       used 12355K, capacity 12552K, committed 12800K, reserved 1060864K
  class space    used 1192K, capacity 1278K, committed 1280K, reserved 1048576K
Event: 2.637 GC heap after
Heap after GC invocations=2 (full 0):
 PSYoungGen      total 18944K, used 2547K [0x00000000eb300000, 0x00000000ed800000, 0x0000000100000000)
  eden space 16384K, 0% used [0x00000000eb300000,0x00000000eb300000,0x00000000ec300000)
  from space 2560K, 99% used [0x00000000ec580000,0x00000000ec7fcd48,0x00000000ec800000)
  to   space 2560K, 0% used [0x00000000ec300000,0x00000000ec300000,0x00000000ec580000)
 ParOldGen       total 44032K, used 1495K [0x00000000c1800000, 0x00000000c4300000, 0x00000000eb300000)
  object space 44032K, 3% used [0x00000000c1800000,0x00000000c1975f00,0x00000000c4300000)
 Metaspace       used 12355K, capacity 12552K, committed 12800K, reserved 1060864K
  class space    used 1192K, capacity 1278K, committed 1280K, reserved 1048576K
}
Event: 2.852 GC heap before
{Heap before GC invocations=3 (full 0):
 PSYoungGen      total 18944K, used 18931K [0x00000000eb300000, 0x00000000ed800000, 0x0000000100000000)
  eden space 16384K, 100% used [0x00000000eb300000,0x00000000ec300000,0x00000000ec300000)
  from space 2560K, 99% used [0x00000000ec580000,0x00000000ec7fcd48,0x00000000ec800000)
  to   space 2560K, 0% used [0x00000000ec300000,0x00000000ec300000,0x00000000ec580000)
 ParOldGen       total 44032K, used 1495K [0x00000000c1800000, 0x00000000c4300000, 0x00000000eb300000)
  object space 44032K, 3% used [0x00000000c1800000,0x00000000c1975f00,0x00000000c4300000)
 Metaspace       used 12374K, capacity 12552K, committed 12800K, reserved 1060864K
  class space    used 1194K, capacity 1278K, committed 1280K, reserved 1048576K
Event: 2.863 GC heap after
Heap after GC invocations=3 (full 0):
 PSYoungGen      total 18944K, used 2560K [0x00000000eb300000, 0x00000000ed800000, 0x0000000100000000)
  eden space 16384K, 0% used [0x00000000eb300000,0x00000000eb300000,0x00000000ec300000)
  from space 2560K, 100% used [0x00000000ec300000,0x00000000ec580000,0x00000000ec580000)
  to   space 2560K, 0% used [0x00000000ed580000,0x00000000ed580000,0x00000000ed800000)
 ParOldGen       total 44032K, used 1495K [0x00000000c1800000, 0x00000000c4300000, 0x00000000eb300000)
  object space 44032K, 3% used [0x00000000c1800000,0x00000000c1975f00,0x00000000c4300000)
 Metaspace       used 12374K, capacity 12552K, committed 12800K, reserved 1060864K
  class space    used 1194K, capacity 1278K, committed 1280K, reserved 1048576K
}
Event: 3.445 GC heap before
{Heap before GC invocations=4 (full 0):
 PSYoungGen      total 18944K, used 18944K [0x00000000eb300000, 0x00000000ed800000, 0x0000000100000000)
  eden space 16384K, 100% used [0x00000000eb300000,0x00000000ec300000,0x00000000ec300000)
  from space 2560K, 100% used [0x00000000ec300000,0x00000000ec580000,0x00000000ec580000)
  to   space 2560K, 0% used [0x00000000ed580000,0x00000000ed580000,0x00000000ed800000)
 ParOldGen       total 44032K, used 1495K [0x00000000c1800000, 0x00000000c4300000, 0x00000000eb300000)
  object space 44032K, 3% used [0x00000000c1800000,0x00000000c1975f00,0x00000000c4300000)
 Metaspace       used 13955K, capacity 14088K, committed 14208K, reserved 1062912K
  class space    used 1359K, capacity 1406K, committed 1408K, reserved 1048576K
Event: 3.458 GC heap after
Heap after GC invocations=4 (full 0):
 PSYoungGen      total 35328K, used 2547K [0x00000000eb300000, 0x00000000ed800000, 0x0000000100000000)
  eden space 32768K, 0% used [0x00000000eb300000,0x00000000eb300000,0x00000000ed300000)
  from space 2560K, 99% used [0x00000000ed580000,0x00000000ed7fcd48,0x00000000ed800000)
  to   space 2560K, 0% used [0x00000000ed300000,0x00000000ed300000,0x00000000ed580000)
 ParOldGen       total 44032K, used 5720K [0x00000000c1800000, 0x00000000c4300000, 0x00000000eb300000)
  object space 44032K, 12% used [0x00000000c1800000,0x00000000c1d96328,0x00000000c4300000)
 Metaspace       used 13955K, capacity 14088K, committed 14208K, reserved 1062912K
  class space    used 1359K, capacity 1406K, committed 1408K, reserved 1048576K
}

Deoptimization events (4 events):
Event: 1.829 Thread 0x0000000002210800 Uncommon trap: reason=unstable_if action=reinterpret pc=0x000000000249aae8 method=java.lang.String.startsWith(Ljava/lang/String;I)Z @ 25
Event: 3.000 Thread 0x0000000002210800 Uncommon trap: reason=unstable_if action=reinterpret pc=0x00000000025cdf30 method=java.lang.reflect.AccessibleObject.setAccessible0(Ljava/lang/reflect/AccessibleObject;Z)V @ 4
Event: 3.477 Thread 0x00000000171f5800 Uncommon trap: reason=unstable_if action=reinterpret pc=0x00000000026a5558 method=jogamp.opengl.util.jpeg.JPEGDecoder$Output.quantizeAndInverse([I[B[I[I)V @ 792
Event: 3.571 Thread 0x00000000171f5800 Uncommon trap: reason=unstable_if action=reinterpret pc=0x000000000265bd48 method=jogamp.opengl.util.jpeg.JPEGDecoder$Output.quantizeAndInverse([I[B[I[I)V @ 1484

Internal exceptions (10 events):
Event: 0.078 Thread 0x0000000002210800 Exception <a 'java/lang/NoSuchMethodError': Method sun.misc.Unsafe.prefetchRead(Ljava/lang/Object;J)V name or signature does not match> (0x00000000eb3131b0) thrown at [D:\re\workspace\8-2-build-windows-amd64-cygwin\jdk8u40\3098\hotspot\src\share\vm\prims\jÄÒwh°êÕ?
Event: 0.231 Thread 0x0000000002210800 Exception <a 'java/security/PrivilegedActionException'> (0x00000000eb58ff70) thrown at [D:\re\workspace\8-2-build-windows-amd64-cygwin\jdk8u40\3098\hotspot\src\share\vm\prims\jvm.cpp, line 1382]
Event: 0.231 Thread 0x0000000002210800 Exception <a 'java/security/PrivilegedActionException'> (0x00000000eb590128) thrown at [D:\re\workspace\8-2-build-windows-amd64-cygwin\jdk8u40\3098\hotspot\src\share\vm\prims\jvm.cpp, line 1382]
Event: 0.232 Thread 0x0000000002210800 Exception <a 'java/security/PrivilegedActionException'> (0x00000000eb593ec0) thrown at [D:\re\workspace\8-2-build-windows-amd64-cygwin\jdk8u40\3098\hotspot\src\share\vm\prims\jvm.cpp, line 1382]
Event: 0.232 Thread 0x0000000002210800 Exception <a 'java/security/PrivilegedActionException'> (0x00000000eb594078) thrown at [D:\re\workspace\8-2-build-windows-amd64-cygwin\jdk8u40\3098\hotspot\src\share\vm\prims\jvm.cpp, line 1382]
Event: 0.870 Thread 0x0000000002210800 Exception <a 'java/io/FileNotFoundException'> (0x00000000eb6dd038) thrown at [D:\re\workspace\8-2-build-windows-amd64-cygwin\jdk8u40\3098\hotspot\src\share\vm\prims\jni.cpp, line 709]
Event: 1.056 Thread 0x0000000002210800 Exception <a 'java/io/FileNotFoundException'> (0x00000000eb855298) thrown at [D:\re\workspace\8-2-build-windows-amd64-cygwin\jdk8u40\3098\hotspot\src\share\vm\prims\jni.cpp, line 709]
Event: 1.136 Thread 0x0000000002210800 Exception <a 'java/lang/NoSuchFieldError': method resolution failed> (0x00000000eb939dc8) thrown at [D:\re\workspace\8-2-build-windows-amd64-cygwin\jdk8u40\3098\hotspot\src\share\vm\prims\methodHandles.cpp, line 1125]
Event: 1.140 Thread 0x0000000002210800 Exception <a 'java/lang/NoSuchFieldError': method resolution failed> (0x00000000eb9487a8) thrown at [D:\re\workspace\8-2-build-windows-amd64-cygwin\jdk8u40\3098\hotspot\src\share\vm\prims\methodHandles.cpp, line 1125]
Event: 1.209 Thread 0x0000000002210800 Exception <a 'java/io/FileNotFoundException'> (0x00000000eb9e3978) thrown at [D:\re\workspace\8-2-build-windows-amd64-cygwin\jdk8u40\3098\hotspot\src\share\vm\prims\jni.cpp, line 709]

Events (10 events):
Event: 3.627 Thread 0x00000000171f5800 DEOPT PACKING pc=0x00000000026be805 sp=0x000000001b6ae9d0
Event: 3.627 Thread 0x00000000171f5800 DEOPT UNPACKING pc=0x000000000235787f sp=0x000000001b6ae6f8 mode 0
Event: 3.627 Thread 0x00000000171f5800 DEOPT PACKING pc=0x00000000026be9da sp=0x000000001b6ae9d0
Event: 3.627 Thread 0x00000000171f5800 DEOPT UNPACKING pc=0x000000000235787f sp=0x000000001b6ae6f8 mode 0
Event: 3.640 loading class icp/Terrain
Event: 3.640 loading class icp/Terrain done
Event: 3.641 loading class com/sun/prism/impl/BufferUtil
Event: 3.641 loading class com/sun/prism/impl/BufferUtil done
Event: 3.667 loading class com/jogamp/opengl/math/VectorUtil
Event: 3.667 loading class com/jogamp/opengl/math/VectorUtil done


Dynamic libraries:
0x00007ff757df0000 - 0x00007ff757e27000 	C:\Program Files\Java\jdk1.8.0_40\jre\bin\java.exe
0x00007ffd78970000 - 0x00007ffd78b1c000 	C:\Windows\SYSTEM32\ntdll.dll
0x00007ffd78460000 - 0x00007ffd7859e000 	C:\Windows\system32\KERNEL32.DLL
0x00007ffd75e20000 - 0x00007ffd75f35000 	C:\Windows\system32\KERNELBASE.dll
0x00007ffd74660000 - 0x00007ffd746ee000 	C:\Windows\system32\apphelp.dll
0x00007ffd6b390000 - 0x00007ffd6b3e3000 	C:\Windows\AppPatch\AppPatch64\AcGenral.DLL
0x00007ffd76490000 - 0x00007ffd7653a000 	C:\Windows\system32\msvcrt.dll
0x00007ffd75890000 - 0x00007ffd758be000 	C:\Windows\SYSTEM32\SspiCli.dll
0x00007ffd77ed0000 - 0x00007ffd77f24000 	C:\Windows\system32\SHLWAPI.dll
0x00007ffd786a0000 - 0x00007ffd78817000 	C:\Windows\system32\USER32.dll
0x00007ffd76560000 - 0x00007ffd766f4000 	C:\Windows\system32\ole32.dll
0x00007ffd76980000 - 0x00007ffd77eab000 	C:\Windows\system32\SHELL32.dll
0x00007ffd750d0000 - 0x00007ffd750f1000 	C:\Windows\SYSTEM32\USERENV.dll
0x00007ffd75ff0000 - 0x00007ffd7609a000 	C:\Windows\system32\ADVAPI32.dll
0x00007ffd6d2d0000 - 0x00007ffd6d2ee000 	C:\Windows\SYSTEM32\MPR.dll
0x00007ffd78820000 - 0x00007ffd78961000 	C:\Windows\system32\RPCRT4.dll
0x00007ffd76700000 - 0x00007ffd76759000 	C:\Windows\SYSTEM32\sechost.dll
0x00007ffd76760000 - 0x00007ffd76971000 	C:\Windows\SYSTEM32\combase.dll
0x00007ffd760b0000 - 0x00007ffd761ff000 	C:\Windows\system32\GDI32.dll
0x00007ffd75ac0000 - 0x00007ffd75ad5000 	C:\Windows\SYSTEM32\profapi.dll
0x00007ffd73ee0000 - 0x00007ffd73f92000 	C:\Windows\SYSTEM32\SHCORE.dll
0x00007ffd78660000 - 0x00007ffd78696000 	C:\Windows\system32\IMM32.DLL
0x00007ffd76330000 - 0x00007ffd76482000 	C:\Windows\system32\MSCTF.dll
0x00007ffd733b0000 - 0x00007ffd7362b000 	C:\Windows\WinSxS\amd64_microsoft.windows.common-controls_6595b64144ccf1df_6.0.9600.18006_none_623f33d3ecbe86e8\COMCTL32.dll
0x0000000075f50000 - 0x0000000076022000 	C:\Program Files\Java\jdk1.8.0_40\jre\bin\msvcr100.dll
0x0000000075140000 - 0x00000000759c3000 	C:\Program Files\Java\jdk1.8.0_40\jre\bin\server\jvm.dll
0x00007ffd71520000 - 0x00007ffd71529000 	C:\Windows\SYSTEM32\WSOCK32.dll
0x00007ffd6eda0000 - 0x00007ffd6edc2000 	C:\Windows\SYSTEM32\WINMM.dll
0x00007ffd6dd00000 - 0x00007ffd6dd0a000 	C:\Windows\SYSTEM32\VERSION.dll
0x00007ffd77eb0000 - 0x00007ffd77eb7000 	C:\Windows\system32\PSAPI.DLL
0x00007ffd78220000 - 0x00007ffd7827a000 	C:\Windows\system32\WS2_32.dll
0x00007ffd6e460000 - 0x00007ffd6e48a000 	C:\Windows\SYSTEM32\WINMMBASE.dll
0x00007ffd78000000 - 0x00007ffd78009000 	C:\Windows\system32\NSI.dll
0x00007ffd75dd0000 - 0x00007ffd75e1f000 	C:\Windows\SYSTEM32\cfgmgr32.dll
0x00007ffd748b0000 - 0x00007ffd748d8000 	C:\Windows\SYSTEM32\DEVOBJ.dll
0x0000000075f00000 - 0x0000000075f0f000 	C:\Program Files\Java\jdk1.8.0_40\jre\bin\verify.dll
0x0000000075ed0000 - 0x0000000075ef9000 	C:\Program Files\Java\jdk1.8.0_40\jre\bin\java.dll
0x0000000075eb0000 - 0x0000000075ec6000 	C:\Program Files\Java\jdk1.8.0_40\jre\bin\zip.dll
0x00007ffd75310000 - 0x00007ffd75330000 	C:\Windows\SYSTEM32\CRYPTSP.dll
0x00007ffd75090000 - 0x00007ffd750c6000 	C:\Windows\system32\rsaenh.dll
0x00007ffd75580000 - 0x00007ffd755a6000 	C:\Windows\SYSTEM32\bcrypt.dll
0x00007ffd758c0000 - 0x00007ffd75923000 	C:\Windows\system32\bcryptprimitives.dll
0x00007ffd75930000 - 0x00007ffd7593b000 	C:\Windows\SYSTEM32\CRYPTBASE.dll
0x0000000075e90000 - 0x0000000075eaa000 	C:\Program Files\Java\jdk1.8.0_40\jre\bin\net.dll
0x00007ffd75220000 - 0x00007ffd75279000 	C:\Windows\system32\mswsock.dll
0x00007ffd70e10000 - 0x00007ffd70e3a000 	C:\Windows\SYSTEM32\IPHLPAPI.DLL
0x00007ffd70d10000 - 0x00007ffd70d1a000 	C:\Windows\SYSTEM32\WINNSI.DLL
0x00007ffd70910000 - 0x00007ffd70926000 	C:\Windows\SYSTEM32\dhcpcsvc6.DLL
0x00007ffd708f0000 - 0x00007ffd7090a000 	C:\Windows\SYSTEM32\dhcpcsvc.DLL
0x0000000075e70000 - 0x0000000075e81000 	C:\Program Files\Java\jdk1.8.0_40\jre\bin\nio.dll
0x00000000637c0000 - 0x00000000637cd000 	C:\Users\spartan\AppData\Local\Temp\jogamp_0000\file_cache\jln3140910021607965088\jln679649171326602191\natives\windows-amd64\gluegen-rt.dll
0x0000000075cd0000 - 0x0000000075e68000 	C:\Program Files\Java\jdk1.8.0_40\jre\bin\awt.dll
0x00007ffd77f30000 - 0x00007ffd77ff1000 	C:\Windows\system32\OLEAUT32.dll
0x00007ffd74780000 - 0x00007ffd748a9000 	C:\Windows\system32\uxtheme.dll
0x00007ffd71920000 - 0x00007ffd71939000 	C:\Users\spartan\AppData\Roaming\Seznam.cz\bin\19228libfoxloader-x64.dll
0x00007ffd73c80000 - 0x00007ffd73ca1000 	C:\Windows\system32\dwmapi.dll
0x00007ffd748e0000 - 0x00007ffd748eb000 	C:\Windows\SYSTEM32\kernel.appcore.dll
0x0000000075bb0000 - 0x0000000075bb7000 	C:\Program Files\Java\jdk1.8.0_40\jre\bin\jawt.dll
0x000000006a440000 - 0x000000006a44d000 	C:\Users\spartan\AppData\Local\Temp\jogamp_0000\file_cache\jln3140910021607965088\jln679649171326602191\natives\windows-amd64\nativewindow_awt.dll
0x000000006c100000 - 0x000000006c10f000 	C:\Users\spartan\AppData\Local\Temp\jogamp_0000\file_cache\jln3140910021607965088\jln679649171326602191\natives\windows-amd64\nativewindow_win32.dll
0x00007ffd65af0000 - 0x00007ffd65c1b000 	C:\Windows\SYSTEM32\OpenGL32.dll
0x00007ffd6a550000 - 0x00007ffd6a57e000 	C:\Windows\SYSTEM32\GLU32.dll
0x00007ffd66b10000 - 0x00007ffd66c08000 	C:\Windows\SYSTEM32\DDRAW.dll
0x00007ffd6ff50000 - 0x00007ffd6ff59000 	C:\Windows\SYSTEM32\DCIMAN32.dll
0x0000000064500000 - 0x00000000645b1000 	C:\Users\spartan\AppData\Local\Temp\jogamp_0000\file_cache\jln3140910021607965088\jln679649171326602191\natives\windows-amd64\jogl_desktop.dll
0x0000000064340000 - 0x00000000643a2000 	C:\Users\spartan\AppData\Local\Temp\jogamp_0000\file_cache\jln3140910021607965088\jln679649171326602191\natives\windows-amd64\jogl_mobile.dll
0x00007ffd5b980000 - 0x00007ffd5c196000 	C:\Windows\SYSTEM32\ig7icd64.dll
0x00007ffd71e70000 - 0x00007ffd722d2000 	C:\Windows\SYSTEM32\igdusc64.dll
0x00007ffd72450000 - 0x00007ffd72462000 	C:\Windows\SYSTEM32\WTSAPI32.dll
0x00007ffd759e0000 - 0x00007ffd75a3a000 	C:\Windows\SYSTEM32\WINSTA.dll
0x00007ffd75a60000 - 0x00007ffd75aa6000 	C:\Windows\SYSTEM32\powrprof.dll
0x000000006cbc0000 - 0x000000006cbd3000 	C:\Users\spartan\AppData\Local\Temp\jogamp_0000\file_cache\jln3140910021607965088\jln679649171326602191\natives\windows-amd64\newt.dll
0x00007ffd6b2f0000 - 0x00007ffd6b382000 	C:\Windows\SYSTEM32\mscms.dll
0x00007ffd6e0f0000 - 0x00007ffd6e131000 	C:\Windows\SYSTEM32\icm32.dll
0x00007ffd78280000 - 0x00007ffd7845a000 	C:\Windows\system32\setupapi.dll
0x00007ffd75b90000 - 0x00007ffd75be1000 	C:\Windows\system32\WINTRUST.dll
0x00007ffd75bf0000 - 0x00007ffd75dcf000 	C:\Windows\system32\CRYPT32.dll
0x00007ffd75b70000 - 0x00007ffd75b81000 	C:\Windows\system32\MSASN1.dll
0x00007ffd6a850000 - 0x00007ffd6a9d9000 	C:\Windows\SYSTEM32\dbghelp.dll

VM Arguments:
jvm_args: -Dfile.encoding=Cp1250 -Djava.library.path=C:\libs\JOGL\gluegen-rt-android-natives-windows-amd64.jar;C:\libs\JOGL\gluegen-rt.jar;C:\libs\JOGL\jogl-all-natives-windows-amd64.jar;C:\libs\JOGL\jogl-all.jar-natives-windows-amd64;C:\Program Files\NetBeans 8.0.2\extra\gluegen-runtime\gluegen-rt.jar-natives-windows-amd64 
java_command: icp.ICP
java_class_path (initial): C:\Program Files\NetBeans 8.0.2\extra\gluegen-runtime\gluegen-rt.jar;C:\libs\JOGL\gluegen-rt-android-natives-windows-amd64.jar;C:\libs\JOGL\gluegen-rt.jar;C:\libs\JOGL\jogl-all-natives-windows-amd64.jar;C:\libs\JOGL\jogl-all.jar;C:\Users\spartan\Documents\NetBeansProjects\ICP\build\classes
Launcher Type: SUN_STANDARD

Environment Variables:
PATH=C:\ProgramData\Oracle\Java\javapath;C:\Windows\system32;C:\Windows;C:\Windows\System32\Wbem;C:\Windows\System32\WindowsPowerShell\v1.0\;C:\Dwimperl\perl\bin;C:\Dwimperl\perl\site\bin;C:\Dwimperl\c\bin;C:\Program Files\MiKTeX 2.9\miktex\bin\x64\;C:\Program Files (x86)\Skype\Phone\;C:\opencv\build\java\x64;C:\Program Files (x86)\Windows Kits\8.1\Windows Performance Toolkit\;C:\Program Files\Microsoft SQL Server\110\Tools\Binn\
USERNAME=spartan
OS=Windows_NT
PROCESSOR_IDENTIFIER=Intel64 Family 6 Model 58 Stepping 9, GenuineIntel



---------------  S Y S T E M  ---------------

OS: Windows 8.1 , 64 bit Build 9600 (6.3.9600.17415)

CPU:total 4 (2 cores per cpu, 2 threads per core) family 6 model 58 stepping 9, cmov, cx8, fxsr, mmx, sse, sse2, sse3, ssse3, sse4.1, sse4.2, popcnt, avx, clmul, erms, ht, tsc, tscinvbit, tscinv

Memory: 4k page, physical 4091160k(905388k free), swap 5205272k(738532k free)

vm_info: Java HotSpot(TM) 64-Bit Server VM (25.40-b25) for windows-amd64 JRE (1.8.0_40-b26), built on Mar  7 2015 13:51:59 by "java_re" with MS VC++ 10.0 (VS2010)

time: Mon Oct 26 21:33:33 2015
elapsed time: 6 seconds (0d 0h 0m 6s)

