#
# A fatal error has been detected by the Java Runtime Environment:
#
#  EXCEPTION_ACCESS_VIOLATION (0xc0000005) at pc=0x000000005e899ceb, pid=3744, tid=5292
#
# JRE version: Java(TM) SE Runtime Environment (8.0_20-b26) (build 1.8.0_20-b26)
# Java VM: Java HotSpot(TM) 64-Bit Server VM (25.20-b23 mixed mode windows-amd64 compressed oops)
# Problematic frame:
# C  [atio6axx.dll+0x99ceb]
#
# Failed to write core dump. Minidumps are not enabled by default on client versions of Windows
#
# If you would like to submit a bug report, please visit:
#   http://bugreport.sun.com/bugreport/crash.jsp
# The crash happened outside the Java Virtual Machine in native code.
# See problematic frame for where to report the bug.
#

---------------  T H R E A D  ---------------

Current thread (0x000000005bae8800):  JavaThread "main-FPSAWTAnimator#00-Timer0" [_thread_in_native, id=5292, stack(0x0000000061330000,0x0000000061430000)]

siginfo: ExceptionCode=0xc0000005, writing address 0x0000000000000000

Registers:
RAX=0x000000005fed79f0, RBX=0x0000000000000000, RCX=0x0000000000000002, RDX=0x000000005fedfa02
RSP=0x000000006142ec90, RBP=0x000000000001d4c0, RSI=0x000000005d91aae0, RDI=0x000000000001d4c0
R8 =0x0000000000000001, R9 =0x0000000000000000, R10=0x0000000000000001, R11=0x000000005fed79f0
R12=0x0000000000000000, R13=0x0000000000000000, R14=0x000000006142ede8, R15=0x000000005bae8800
RIP=0x000000005e899ceb, EFLAGS=0x0000000000010202

Top of Stack: (sp=0x000000006142ec90)
0x000000006142ec90:   0000000000000000 000000000001d4c0
0x000000006142eca0:   000000005d91aae0 000000005bae8800
0x000000006142ecb0:   000000005b641990 000000005d85d790
0x000000006142ecc0:   0000000000000000 000000005f3ddb37
0x000000006142ecd0:   000000005d9f8f00 000000000001d4c0
0x000000006142ece0:   0000000000000000 000000005b641990
0x000000006142ecf0:   0000000002837a01 0000000002843874
0x000000006142ed00:   000000005b641990 000000006142ed98
0x000000006142ed10:   0000000000000188 0000000002837a01
0x000000006142ed20:   0000000000000000 0000000000000001
0x000000006142ed30:   000000005fc71d40 000000005b641990
0x000000006142ed40:   0000000000000188 000000005bae8800
0x000000006142ed50:   00000000028435a2 000000006142ed58
0x000000006142ed60:   000000005b641990 000000006142ede8
0x000000006142ed70:   000000005b730028 0000000000000000
0x000000006142ed80:   000000005b641990 0000000000000000 

Instructions: (pc=0x000000005e899ceb)
0x000000005e899ccb:   39 28 74 f4 4b 8d 94 43 10 80 00 00 0f b7 02 66
0x000000005e899cdb:   41 01 84 4b 10 80 00 00 66 44 89 2a 41 ff 43 08
0x000000005e899ceb:   45 89 14 24 49 83 c4 04 48 83 ef 01 0f 85 b3 fe
0x000000005e899cfb:   ff ff e9 c8 13 00 00 48 8b 71 18 45 33 ed 41 8b 


Register to memory mapping:

RAX=0x000000005fed79f0 is an unknown value
RBX=0x0000000000000000 is an unknown value
RCX=0x0000000000000002 is an unknown value
RDX=0x000000005fedfa02 is an unknown value
RSP=0x000000006142ec90 is pointing into the stack for thread: 0x000000005bae8800
RBP=0x000000000001d4c0 is an unknown value
RSI=0x000000005d91aae0 is an unknown value
RDI=0x000000000001d4c0 is an unknown value
R8 =0x0000000000000001 is an unknown value
R9 =0x0000000000000000 is an unknown value
R10=0x0000000000000001 is an unknown value
R11=0x000000005fed79f0 is an unknown value
R12=0x0000000000000000 is an unknown value
R13=0x0000000000000000 is an unknown value
R14=0x000000006142ede8 is pointing into the stack for thread: 0x000000005bae8800
R15=0x000000005bae8800 is a thread


Stack: [0x0000000061330000,0x0000000061430000],  sp=0x000000006142ec90,  free space=1019k
Native frames: (J=compiled Java code, j=interpreted, Vv=VM code, C=native code)
C  [atio6axx.dll+0x99ceb]
C  [atio6axx.dll+0xbddb37]
C  0x0000000002843874

Java frames: (J=compiled Java code, j=interpreted, Vv=VM code)
j  jogamp.opengl.gl4.GL4bcImpl.dispatch_glGenBuffers1(ILjava/lang/Object;IZJ)V+0
j  jogamp.opengl.gl4.GL4bcImpl.glGenBuffers(ILjava/nio/IntBuffer;)V+81
j  icp.Terrain.draw(Lcom/jogamp/opengl/GL2;)V+6
j  icp.ICP.display(Lcom/jogamp/opengl/GLAutoDrawable;)V+112
j  jogamp.opengl.GLDrawableHelper.displayImpl(Lcom/jogamp/opengl/GLAutoDrawable;)V+81
j  jogamp.opengl.GLDrawableHelper.display(Lcom/jogamp/opengl/GLAutoDrawable;)V+2
j  jogamp.opengl.GLAutoDrawableBase$2.run()V+59
j  jogamp.opengl.GLDrawableHelper.invokeGLImpl(Lcom/jogamp/opengl/GLDrawable;Lcom/jogamp/opengl/GLContext;Ljava/lang/Runnable;Ljava/lang/Runnable;)V+203
j  jogamp.opengl.GLDrawableHelper.invokeGL(Lcom/jogamp/opengl/GLDrawable;Lcom/jogamp/opengl/GLContext;Ljava/lang/Runnable;Ljava/lang/Runnable;)V+72
j  com.jogamp.newt.opengl.GLWindow.display()V+90
j  com.jogamp.opengl.util.AWTAnimatorImpl.display(Ljava/util/ArrayList;ZZ)V+51
j  com.jogamp.opengl.util.AnimatorBase.display()V+16
j  com.jogamp.opengl.util.FPSAnimator$MainTask.run()V+216
j  java.util.TimerThread.mainLoop()V+221
j  java.util.TimerThread.run()V+1
v  ~StubRoutines::call_stub

---------------  P R O C E S S  ---------------

Java Threads: ( => current thread )
  0x000000000030e000 JavaThread "DestroyJavaVM" [_thread_blocked, id=6360, stack(0x00000000023e0000,0x00000000024e0000)]
=>0x000000005bae8800 JavaThread "main-FPSAWTAnimator#00-Timer0" [_thread_in_native, id=5292, stack(0x0000000061330000,0x0000000061430000)]
  0x000000005bc5d000 JavaThread "main-Display-.windows_nil-1-EDT-1" daemon [_thread_blocked, id=5320, stack(0x0000000057750000,0x0000000057850000)]
  0x000000005718f800 JavaThread "main-SharedResourceRunner" daemon [_thread_blocked, id=5032, stack(0x000000005c9d0000,0x000000005cad0000)]
  0x0000000056e50800 JavaThread "AWT-Windows" daemon [_thread_in_native, id=5008, stack(0x0000000057890000,0x0000000057990000)]
  0x0000000056f3d000 JavaThread "Java2D Disposer" daemon [_thread_blocked, id=1096, stack(0x0000000057590000,0x0000000057690000)]
  0x0000000054dc5000 JavaThread "Service Thread" daemon [_thread_blocked, id=6460, stack(0x00000000562f0000,0x00000000563f0000)]
  0x0000000054d72800 JavaThread "C1 CompilerThread1" daemon [_thread_blocked, id=4748, stack(0x0000000055e40000,0x0000000055f40000)]
  0x0000000054d6c800 JavaThread "C2 CompilerThread0" daemon [_thread_blocked, id=6652, stack(0x0000000056110000,0x0000000056210000)]
  0x0000000054d6b800 JavaThread "Attach Listener" daemon [_thread_blocked, id=7076, stack(0x0000000055f60000,0x0000000056060000)]
  0x0000000054d6a000 JavaThread "Signal Dispatcher" daemon [_thread_blocked, id=4368, stack(0x0000000055cd0000,0x0000000055dd0000)]
  0x0000000054d04000 JavaThread "Finalizer" daemon [_thread_blocked, id=6304, stack(0x0000000055af0000,0x0000000055bf0000)]
  0x0000000054d00800 JavaThread "Reference Handler" daemon [_thread_blocked, id=5848, stack(0x00000000557b0000,0x00000000558b0000)]

Other Threads:
  0x0000000054cfb000 VMThread [stack: 0x0000000055910000,0x0000000055a10000] [id=4292]
  0x0000000054dcc000 WatcherThread [stack: 0x0000000056490000,0x0000000056590000] [id=6100]

VM state:not at safepoint (normal execution)

VM Mutex/Monitor currently owned by a thread: None

Heap:
 PSYoungGen      total 35328K, used 8069K [0x00000000eab00000, 0x00000000ef800000, 0x0000000100000000)
  eden space 32768K, 16% used [0x00000000eab00000,0x00000000eb061748,0x00000000ecb00000)
  from space 2560K, 100% used [0x00000000ecb00000,0x00000000ecd80000,0x00000000ecd80000)
  to   space 6656K, 0% used [0x00000000ef180000,0x00000000ef180000,0x00000000ef800000)
 ParOldGen       total 44032K, used 6227K [0x00000000c0000000, 0x00000000c2b00000, 0x00000000eab00000)
  object space 44032K, 14% used [0x00000000c0000000,0x00000000c0614c78,0x00000000c2b00000)
 Metaspace       used 13734K, capacity 13962K, committed 14208K, reserved 1062912K
  class space    used 1324K, capacity 1376K, committed 1408K, reserved 1048576K

Card table byte_map: [0x0000000011bf0000,0x0000000011e00000] byte_map_base: 0x00000000115f0000

Marking Bits: (ParMarkBitMap*) 0x000000005e77b460
 Begin Bits: [0x00000000121d0000, 0x00000000131d0000)
 End Bits:   [0x00000000131d0000, 0x00000000141d0000)

Polling page: 0x0000000000140000

CodeCache: size=245760Kb used=4159Kb max_used=4173Kb free=241600Kb
 bounds [0x0000000002830000, 0x0000000002c50000, 0x0000000011830000]
 total_blobs=1732 nmethods=948 adapters=699
 compilation: enabled

Compilation events (10 events):
Event: 6.174 Thread 0x0000000054d72800  936 %     3       jogamp.opengl.util.jpeg.JPEGDecoder::readDataBlock @ 19 (45 bytes)
Event: 6.175 Thread 0x0000000054d72800 nmethod 936% 0x0000000002c3ee50 code [0x0000000002c3f000, 0x0000000002c3f5b8]
Event: 6.175 Thread 0x0000000054d72800  944       2       java.nio.Buffer::nextPutIndex (31 bytes)
Event: 6.175 Thread 0x0000000054d72800 nmethod 944 0x0000000002c3ea50 code [0x0000000002c3ebc0, 0x0000000002c3ed88]
Event: 6.175 Thread 0x0000000054d72800  945       2       java.nio.DirectFloatBufferU::put (17 bytes)
Event: 6.175 Thread 0x0000000054d72800 nmethod 945 0x0000000002c3e5d0 code [0x0000000002c3e740, 0x0000000002c3e928]
Event: 6.175 Thread 0x0000000054d72800  946       2       java.nio.DirectFloatBufferU::ix (10 bytes)
Event: 6.175 Thread 0x0000000054d72800 nmethod 946 0x0000000002c3e2d0 code [0x0000000002c3e420, 0x0000000002c3e570]
Event: 6.175 Thread 0x0000000054d72800  937       3       java.io.BufferedInputStream::fill (233 bytes)
Event: 6.176 Thread 0x0000000054d72800 nmethod 937 0x0000000002c3c6d0 code [0x0000000002c3c900, 0x0000000002c3d418]

GC Heap History (10 events):
Event: 2.562 GC heap before
{Heap before GC invocations=1 (full 0):
 PSYoungGen      total 18944K, used 16384K [0x00000000eab00000, 0x00000000ec000000, 0x0000000100000000)
  eden space 16384K, 100% used [0x00000000eab00000,0x00000000ebb00000,0x00000000ebb00000)
  from space 2560K, 0% used [0x00000000ebd80000,0x00000000ebd80000,0x00000000ec000000)
  to   space 2560K, 0% used [0x00000000ebb00000,0x00000000ebb00000,0x00000000ebd80000)
 ParOldGen       total 44032K, used 0K [0x00000000c0000000, 0x00000000c2b00000, 0x00000000eab00000)
  object space 44032K, 0% used [0x00000000c0000000,0x00000000c0000000,0x00000000c2b00000)
 Metaspace       used 10395K, capacity 10525K, committed 10624K, reserved 1058816K
  class space    used 1040K, capacity 1082K, committed 1152K, reserved 1048576K
Event: 2.577 GC heap after
Heap after GC invocations=1 (full 0):
 PSYoungGen      total 18944K, used 2536K [0x00000000eab00000, 0x00000000ec000000, 0x0000000100000000)
  eden space 16384K, 0% used [0x00000000eab00000,0x00000000eab00000,0x00000000ebb00000)
  from space 2560K, 99% used [0x00000000ebb00000,0x00000000ebd7a338,0x00000000ebd80000)
  to   space 2560K, 0% used [0x00000000ebd80000,0x00000000ebd80000,0x00000000ec000000)
 ParOldGen       total 44032K, used 232K [0x00000000c0000000, 0x00000000c2b00000, 0x00000000eab00000)
  object space 44032K, 0% used [0x00000000c0000000,0x00000000c003a000,0x00000000c2b00000)
 Metaspace       used 10395K, capacity 10525K, committed 10624K, reserved 1058816K
  class space    used 1040K, capacity 1082K, committed 1152K, reserved 1048576K
}
Event: 3.373 GC heap before
{Heap before GC invocations=2 (full 0):
 PSYoungGen      total 18944K, used 18920K [0x00000000eab00000, 0x00000000ec000000, 0x0000000100000000)
  eden space 16384K, 100% used [0x00000000eab00000,0x00000000ebb00000,0x00000000ebb00000)
  from space 2560K, 99% used [0x00000000ebb00000,0x00000000ebd7a338,0x00000000ebd80000)
  to   space 2560K, 0% used [0x00000000ebd80000,0x00000000ebd80000,0x00000000ec000000)
 ParOldGen       total 44032K, used 232K [0x00000000c0000000, 0x00000000c2b00000, 0x00000000eab00000)
  object space 44032K, 0% used [0x00000000c0000000,0x00000000c003a000,0x00000000c2b00000)
 Metaspace       used 12064K, capacity 12160K, committed 12288K, reserved 1060864K
  class space    used 1145K, capacity 1179K, committed 1280K, reserved 1048576K
Event: 3.384 GC heap after
Heap after GC invocations=2 (full 0):
 PSYoungGen      total 18944K, used 2544K [0x00000000eab00000, 0x00000000ec000000, 0x0000000100000000)
  eden space 16384K, 0% used [0x00000000eab00000,0x00000000eab00000,0x00000000ebb00000)
  from space 2560K, 99% used [0x00000000ebd80000,0x00000000ebffc170,0x00000000ec000000)
  to   space 2560K, 0% used [0x00000000ebb00000,0x00000000ebb00000,0x00000000ebd80000)
 ParOldGen       total 44032K, used 485K [0x00000000c0000000, 0x00000000c2b00000, 0x00000000eab00000)
  object space 44032K, 1% used [0x00000000c0000000,0x00000000c0079658,0x00000000c2b00000)
 Metaspace       used 12064K, capacity 12160K, committed 12288K, reserved 1060864K
  class space    used 1145K, capacity 1179K, committed 1280K, reserved 1048576K
}
Event: 3.942 GC heap before
{Heap before GC invocations=3 (full 0):
 PSYoungGen      total 18944K, used 18928K [0x00000000eab00000, 0x00000000ec000000, 0x0000000100000000)
  eden space 16384K, 100% used [0x00000000eab00000,0x00000000ebb00000,0x00000000ebb00000)
  from space 2560K, 99% used [0x00000000ebd80000,0x00000000ebffc170,0x00000000ec000000)
  to   space 2560K, 0% used [0x00000000ebb00000,0x00000000ebb00000,0x00000000ebd80000)
 ParOldGen       total 44032K, used 485K [0x00000000c0000000, 0x00000000c2b00000, 0x00000000eab00000)
  object space 44032K, 1% used [0x00000000c0000000,0x00000000c0079658,0x00000000c2b00000)
 Metaspace       used 12170K, capacity 12288K, committed 12544K, reserved 1060864K
  class space    used 1158K, capacity 1179K, committed 1280K, reserved 1048576K
Event: 3.955 GC heap after
Heap after GC invocations=3 (full 0):
 PSYoungGen      total 18944K, used 2530K [0x00000000eab00000, 0x00000000ed000000, 0x0000000100000000)
  eden space 16384K, 0% used [0x00000000eab00000,0x00000000eab00000,0x00000000ebb00000)
  from space 2560K, 98% used [0x00000000ebb00000,0x00000000ebd78aa0,0x00000000ebd80000)
  to   space 2560K, 0% used [0x00000000ecd80000,0x00000000ecd80000,0x00000000ed000000)
 ParOldGen       total 44032K, used 1361K [0x00000000c0000000, 0x00000000c2b00000, 0x00000000eab00000)
  object space 44032K, 3% used [0x00000000c0000000,0x00000000c01547f0,0x00000000c2b00000)
 Metaspace       used 12170K, capacity 12288K, committed 12544K, reserved 1060864K
  class space    used 1158K, capacity 1179K, committed 1280K, reserved 1048576K
}
Event: 4.634 GC heap before
{Heap before GC invocations=4 (full 0):
 PSYoungGen      total 18944K, used 18914K [0x00000000eab00000, 0x00000000ed000000, 0x0000000100000000)
  eden space 16384K, 100% used [0x00000000eab00000,0x00000000ebb00000,0x00000000ebb00000)
  from space 2560K, 98% used [0x00000000ebb00000,0x00000000ebd78aa0,0x00000000ebd80000)
  to   space 2560K, 0% used [0x00000000ecd80000,0x00000000ecd80000,0x00000000ed000000)
 ParOldGen       total 44032K, used 1361K [0x00000000c0000000, 0x00000000c2b00000, 0x00000000eab00000)
  object space 44032K, 3% used [0x00000000c0000000,0x00000000c01547f0,0x00000000c2b00000)
 Metaspace       used 12190K, capacity 12320K, committed 12544K, reserved 1060864K
  class space    used 1161K, capacity 1211K, committed 1280K, reserved 1048576K
Event: 4.644 GC heap after
Heap after GC invocations=4 (full 0):
 PSYoungGen      total 35328K, used 2514K [0x00000000eab00000, 0x00000000ed000000, 0x0000000100000000)
  eden space 32768K, 0% used [0x00000000eab00000,0x00000000eab00000,0x00000000ecb00000)
  from space 2560K, 98% used [0x00000000ecd80000,0x00000000ecff4ab0,0x00000000ed000000)
  to   space 2560K, 0% used [0x00000000ecb00000,0x00000000ecb00000,0x00000000ecd80000)
 ParOldGen       total 44032K, used 1361K [0x00000000c0000000, 0x00000000c2b00000, 0x00000000eab00000)
  object space 44032K, 3% used [0x00000000c0000000,0x00000000c01547f0,0x00000000c2b00000)
 Metaspace       used 12190K, capacity 12320K, committed 12544K, reserved 1060864K
  class space    used 1161K, capacity 1211K, committed 1280K, reserved 1048576K
}
Event: 6.062 GC heap before
{Heap before GC invocations=5 (full 0):
 PSYoungGen      total 35328K, used 35282K [0x00000000eab00000, 0x00000000ed000000, 0x0000000100000000)
  eden space 32768K, 100% used [0x00000000eab00000,0x00000000ecb00000,0x00000000ecb00000)
  from space 2560K, 98% used [0x00000000ecd80000,0x00000000ecff4ab0,0x00000000ed000000)
  to   space 2560K, 0% used [0x00000000ecb00000,0x00000000ecb00000,0x00000000ecd80000)
 ParOldGen       total 44032K, used 1361K [0x00000000c0000000, 0x00000000c2b00000, 0x00000000eab00000)
  object space 44032K, 3% used [0x00000000c0000000,0x00000000c01547f0,0x00000000c2b00000)
 Metaspace       used 13701K, capacity 13894K, committed 13952K, reserved 1062912K
  class space    used 1322K, capacity 1373K, committed 1408K, reserved 1048576K
Event: 6.078 GC heap after
Heap after GC invocations=5 (full 0):
 PSYoungGen      total 35328K, used 2560K [0x00000000eab00000, 0x00000000ef800000, 0x0000000100000000)
  eden space 32768K, 0% used [0x00000000eab00000,0x00000000eab00000,0x00000000ecb00000)
  from space 2560K, 100% used [0x00000000ecb00000,0x00000000ecd80000,0x00000000ecd80000)
  to   space 6656K, 0% used [0x00000000ef180000,0x00000000ef180000,0x00000000ef800000)
 ParOldGen       total 44032K, used 6227K [0x00000000c0000000, 0x00000000c2b00000, 0x00000000eab00000)
  object space 44032K, 14% used [0x00000000c0000000,0x00000000c0614c78,0x00000000c2b00000)
 Metaspace       used 13701K, capacity 13894K, committed 13952K, reserved 1062912K
  class space    used 1322K, capacity 1373K, committed 1408K, reserved 1048576K
}

Deoptimization events (2 events):
Event: 4.633 Thread 0x000000005718f800 Uncommon trap: reason=unreached action=reinterpret pc=0x0000000002b6a9c8 method=java.lang.Class.searchFields([Ljava/lang/reflect/Field;Ljava/lang/String;)Ljava/lang/reflect/Field; @ 20
Event: 4.795 Thread 0x000000000030e000 Uncommon trap: reason=unreached action=reinterpret pc=0x0000000002b62130 method=java.lang.reflect.AccessibleObject.setAccessible0(Ljava/lang/reflect/AccessibleObject;Z)V @ 4

Internal exceptions (10 events):
Event: 2.175 Thread 0x000000000030e000 Exception <a 'java/lang/NoSuchFieldError': method resolution failed> (0x00000000eb567000) thrown at [D:\re\workspace\8-2-build-windows-amd64-cygwin\jdk8u20\1074\hotspot\src\share\vm\prims\methodHandles.cpp, line 1159]
Event: 2.176 Thread 0x000000000030e000 Exception <a 'java/lang/NoSuchFieldError': method resolution failed> (0x00000000eb56a480) thrown at [D:\re\workspace\8-2-build-windows-amd64-cygwin\jdk8u20\1074\hotspot\src\share\vm\prims\methodHandles.cpp, line 1159]
Event: 2.239 Thread 0x000000000030e000 Exception <a 'java/io/FileNotFoundException'> (0x00000000eb6807b8) thrown at [D:\re\workspace\8-2-build-windows-amd64-cygwin\jdk8u20\1074\hotspot\src\share\vm\prims\jni.cpp, line 716]
Event: 4.645 Thread 0x000000000030e000 Exception <a 'java/lang/InterruptedException'> (0x00000000eab79750) thrown at [D:\re\workspace\8-2-build-windows-amd64-cygwin\jdk8u20\1074\hotspot\src\share\vm\runtime\objectMonitor.cpp, line 1682]
Event: 5.475 Thread 0x000000000030e000 Exception <a 'java/security/PrivilegedActionException'> (0x00000000eb1eff38) thrown at [D:\re\workspace\8-2-build-windows-amd64-cygwin\jdk8u20\1074\hotspot\src\share\vm\prims\jvm.cpp, line 1275]
Event: 5.477 Thread 0x000000000030e000 Exception <a 'java/security/PrivilegedActionException'> (0x00000000eb1f6a80) thrown at [D:\re\workspace\8-2-build-windows-amd64-cygwin\jdk8u20\1074\hotspot\src\share\vm\prims\jvm.cpp, line 1275]
Event: 5.479 Thread 0x000000000030e000 Exception <a 'java/security/PrivilegedActionException'> (0x00000000eb206200) thrown at [D:\re\workspace\8-2-build-windows-amd64-cygwin\jdk8u20\1074\hotspot\src\share\vm\prims\jvm.cpp, line 1275]
Event: 5.513 Thread 0x000000005bae8800 Exception <a 'java/security/PrivilegedActionException'> (0x00000000eb403d50) thrown at [D:\re\workspace\8-2-build-windows-amd64-cygwin\jdk8u20\1074\hotspot\src\share\vm\prims\jvm.cpp, line 1275]
Event: 5.514 Thread 0x000000005bae8800 Exception <a 'java/security/PrivilegedActionException'> (0x00000000eb45fa68) thrown at [D:\re\workspace\8-2-build-windows-amd64-cygwin\jdk8u20\1074\hotspot\src\share\vm\prims\jvm.cpp, line 1275]
Event: 6.147 Thread 0x000000005bae8800 Exception <a 'java/security/PrivilegedActionException'> (0x00000000eaf84d70) thrown at [D:\re\workspace\8-2-build-windows-amd64-cygwin\jdk8u20\1074\hotspot\src\share\vm\prims\jvm.cpp, line 1275]

Events (10 events):
Event: 6.180 Executing VM operation: RevokeBias
Event: 6.180 Executing VM operation: RevokeBias done
Event: 6.180 Executing VM operation: RevokeBias
Event: 6.180 Executing VM operation: RevokeBias done
Event: 6.181 Executing VM operation: RevokeBias
Event: 6.181 Executing VM operation: RevokeBias done
Event: 6.181 Executing VM operation: RevokeBias
Event: 6.181 Executing VM operation: RevokeBias done
Event: 6.193 loading class com/jogamp/opengl/math/VectorUtil
Event: 6.193 loading class com/jogamp/opengl/math/VectorUtil done


Dynamic libraries:
0x000000013f8f0000 - 0x000000013f924000 	C:\Program Files\Java\jdk1.8.0_20\jre\bin\java.exe
0x00000000778e0000 - 0x0000000077a89000 	C:\Windows\SYSTEM32\ntdll.dll
0x00000000777c0000 - 0x00000000778e0000 	C:\Windows\system32\kernel32.dll
0x000007fefd8c0000 - 0x000007fefd92c000 	C:\Windows\system32\KERNELBASE.dll
0x000007feff500000 - 0x000007feff5db000 	C:\Windows\system32\ADVAPI32.dll
0x000007fefda40000 - 0x000007fefdadf000 	C:\Windows\system32\msvcrt.dll
0x000007feffa40000 - 0x000007feffa5f000 	C:\Windows\SYSTEM32\sechost.dll
0x000007feff6f0000 - 0x000007feff81d000 	C:\Windows\system32\RPCRT4.dll
0x00000000776c0000 - 0x00000000777ba000 	C:\Windows\system32\USER32.dll
0x000007feff950000 - 0x000007feff9b7000 	C:\Windows\system32\GDI32.dll
0x000007feff630000 - 0x000007feff63e000 	C:\Windows\system32\LPK.dll
0x000007feff820000 - 0x000007feff8e9000 	C:\Windows\system32\USP10.dll
0x000007fefc230000 - 0x000007fefc424000 	C:\Windows\WinSxS\amd64_microsoft.windows.common-controls_6595b64144ccf1df_6.0.7601.18837_none_fa3b1e3d17594757\COMCTL32.dll
0x000007feff9c0000 - 0x000007feffa31000 	C:\Windows\system32\SHLWAPI.dll
0x000007fefdfd0000 - 0x000007fefdffe000 	C:\Windows\system32\IMM32.DLL
0x000007fefee10000 - 0x000007fefef19000 	C:\Windows\system32\MSCTF.dll
0x000000006c900000 - 0x000000006c9d2000 	C:\Program Files\Java\jdk1.8.0_20\jre\bin\msvcr100.dll
0x000000005dfa0000 - 0x000000005e7f8000 	C:\Program Files\Java\jdk1.8.0_20\jre\bin\server\jvm.dll
0x000007fef43d0000 - 0x000007fef43d9000 	C:\Windows\system32\WSOCK32.dll
0x000007feff5e0000 - 0x000007feff62d000 	C:\Windows\system32\WS2_32.dll
0x000007feff640000 - 0x000007feff648000 	C:\Windows\system32\NSI.dll
0x000007fef8a10000 - 0x000007fef8a4b000 	C:\Windows\system32\WINMM.dll
0x0000000077ab0000 - 0x0000000077ab7000 	C:\Windows\system32\PSAPI.DLL
0x0000000071f60000 - 0x0000000071f6f000 	C:\Program Files\Java\jdk1.8.0_20\jre\bin\verify.dll
0x00000000673d0000 - 0x00000000673f8000 	C:\Program Files\Java\jdk1.8.0_20\jre\bin\java.dll
0x0000000067380000 - 0x0000000067396000 	C:\Program Files\Java\jdk1.8.0_20\jre\bin\zip.dll
0x000007fefe080000 - 0x000007fefee09000 	C:\Windows\system32\SHELL32.dll
0x000007feff1f0000 - 0x000007feff3f3000 	C:\Windows\system32\ole32.dll
0x000007fefd690000 - 0x000007fefd69f000 	C:\Windows\system32\profapi.dll
0x000007fefcec0000 - 0x000007fefced8000 	C:\Windows\system32\CRYPTSP.dll
0x000007fefcbc0000 - 0x000007fefcc07000 	C:\Windows\system32\rsaenh.dll
0x000007fefd940000 - 0x000007fefd95e000 	C:\Windows\system32\USERENV.dll
0x000007fefd520000 - 0x000007fefd52f000 	C:\Windows\system32\CRYPTBASE.dll
0x000000006c8e0000 - 0x000000006c8fa000 	C:\Program Files\Java\jdk1.8.0_20\jre\bin\net.dll
0x000007fefce60000 - 0x000007fefceb5000 	C:\Windows\system32\mswsock.dll
0x000007fefce50000 - 0x000007fefce57000 	C:\Windows\System32\wship6.dll
0x000007fefafd0000 - 0x000007fefaff7000 	C:\Windows\system32\IPHLPAPI.DLL
0x000007fefafc0000 - 0x000007fefafcb000 	C:\Windows\system32\WINNSI.DLL
0x000007fefaae0000 - 0x000007fefaaf1000 	C:\Windows\system32\dhcpcsvc6.DLL
0x000007fefab00000 - 0x000007fefab18000 	C:\Windows\system32\dhcpcsvc.DLL
0x0000000062e90000 - 0x0000000062ea1000 	C:\Program Files\Java\jdk1.8.0_20\jre\bin\nio.dll
0x000007fefd4c0000 - 0x000007fefd517000 	C:\Windows\system32\apphelp.dll
0x00000000637c0000 - 0x00000000637cd000 	C:\Users\Ales\AppData\Local\Temp\jogamp_0000\file_cache\jln492815748700049156\jln8353213815452751930\gluegen-rt.dll
0x000000005de00000 - 0x000000005df98000 	C:\Program Files\Java\jdk1.8.0_20\jre\bin\awt.dll
0x000007feff400000 - 0x000007feff4d7000 	C:\Windows\system32\OLEAUT32.dll
0x000007fefbeb0000 - 0x000007fefbf06000 	C:\Windows\system32\uxtheme.dll
0x000007fefb980000 - 0x000007fefb998000 	C:\Windows\system32\dwmapi.dll
0x0000000180000000 - 0x000000018004a000 	C:\Program Files\Packard Bell\Packard Bell Power Management\SysHook.dll
0x000007fef8690000 - 0x000007fef8701000 	C:\Windows\system32\WINSPOOL.DRV
0x000000006ca00000 - 0x000000006ca07000 	C:\Program Files\Java\jdk1.8.0_20\jre\bin\jawt.dll
0x000000006a440000 - 0x000000006a44d000 	C:\Users\Ales\AppData\Local\Temp\jogamp_0000\file_cache\jln492815748700049156\jln8353213815452751930\nativewindow_awt.dll
0x000007feeeb60000 - 0x000007feeed5f000 	C:\Windows\system32\d3d9.dll
0x000007fefc750000 - 0x000007fefc75c000 	C:\Windows\system32\VERSION.dll
0x000007fef42d0000 - 0x000007fef42d7000 	C:\Windows\system32\d3d8thk.dll
0x000007fef4280000 - 0x000007fef428d000 	C:\Windows\system32\atiu9p64.dll
0x000000005cda0000 - 0x000000005d2a8000 	C:\Windows\system32\atiumd64.dll
0x000000005d490000 - 0x000000005d7bc000 	C:\Windows\system32\atiumd6a.dll
0x000000006c100000 - 0x000000006c10f000 	C:\Users\Ales\AppData\Local\Temp\jogamp_0000\file_cache\jln492815748700049156\jln8353213815452751930\nativewindow_win32.dll
0x000007fef8850000 - 0x000007fef896d000 	C:\Windows\system32\OpenGL32.dll
0x000007fef8820000 - 0x000007fef884d000 	C:\Windows\system32\GLU32.dll
0x000007fef8720000 - 0x000007fef8811000 	C:\Windows\system32\DDRAW.dll
0x000007fef8710000 - 0x000007fef8718000 	C:\Windows\system32\DCIMAN32.dll
0x000007fefddf0000 - 0x000007fefdfc7000 	C:\Windows\system32\SETUPAPI.dll
0x000007fefda00000 - 0x000007fefda36000 	C:\Windows\system32\CFGMGR32.dll
0x000007fefd960000 - 0x000007fefd97a000 	C:\Windows\system32\DEVOBJ.dll
0x0000000064500000 - 0x00000000645ae000 	C:\Users\Ales\AppData\Local\Temp\jogamp_0000\file_cache\jln492815748700049156\jln8353213815452751930\jogl_desktop.dll
0x0000000064340000 - 0x00000000643a0000 	C:\Users\Ales\AppData\Local\Temp\jogamp_0000\file_cache\jln492815748700049156\jln8353213815452751930\jogl_mobile.dll
0x000007fef9140000 - 0x000007fef9148000 	C:\Windows\system32\atig6pxx.dll
0x000000005e800000 - 0x000000005fcac000 	C:\Windows\system32\atio6axx.dll
0x000007fef42c0000 - 0x000007fef42ca000 	C:\Windows\system32\atig6txx.dll
0x0000000012070000 - 0x00000000120c7000 	C:\Windows\system32\atiadlxx.dll
0x000007fefd990000 - 0x000007fefd9cb000 	C:\Windows\system32\WINTRUST.dll
0x000007fefd6a0000 - 0x000007fefd80d000 	C:\Windows\system32\CRYPT32.dll
0x000007fefd680000 - 0x000007fefd68f000 	C:\Windows\system32\MSASN1.dll
0x000000006cbc0000 - 0x000000006cbd3000 	C:\Users\Ales\AppData\Local\Temp\jogamp_0000\file_cache\jln492815748700049156\jln8353213815452751930\newt.dll
0x000007fef0930000 - 0x000007fef09cc000 	C:\Windows\system32\mscms.dll
0x000007fef4100000 - 0x000007fef4142000 	C:\Windows\system32\icm32.dll
0x000007fef8530000 - 0x000007fef8655000 	C:\Windows\system32\dbghelp.dll

VM Arguments:
jvm_args: -Dfile.encoding=Cp1250 -Djava.library.path=C:\Program Files\Java\jdk1.8.0_20\jre\lib\ext\gluegen-rt.jar;C:\Program Files\Java\jdk1.8.0_20\jre\lib\ext\gluegen-rt-natives-windows-amd64.jar;C:\Program Files\Java\jdk1.8.0_20\jre\lib\ext\jogl-all-natives-windows-amd64.jar;C:\Program Files\Java\jdk1.8.0_20\jre\lib\ext\jogl-all.jar-natives-windows-amd64;C:\Users\Ales\AppData\Roaming\NetBeans\8.0.1\gluegen-runtime\gluegen-rt.jar-natives-windows-amd64 
java_command: icp.ICP
java_class_path (initial): C:\Users\Ales\AppData\Roaming\NetBeans\8.0.1\gluegen-runtime\gluegen-rt.jar;C:\Program Files\Java\jdk1.8.0_20\jre\lib\ext\gluegen-rt.jar;C:\Program Files\Java\jdk1.8.0_20\jre\lib\ext\gluegen-rt-natives-windows-amd64.jar;C:\Program Files\Java\jdk1.8.0_20\jre\lib\ext\jogl-all-natives-windows-amd64.jar;C:\Program Files\Java\jdk1.8.0_20\jre\lib\ext\jogl-all.jar;C:\Users\Ales\Documents\NetBeansProjects\ICP\build\classes
Launcher Type: SUN_STANDARD

Environment Variables:
JAVA_HOME=C:\Program Files\Java\jdk1.8.0_20
PATH=C:\Program Files (x86)\Vector vFlash 2.7\Bin\;C:\ProgramData\Oracle\Java\javapath;C:\Windows\system32;C:\Windows;C:\Windows\System32\Wbem;C:\Windows\System32\WindowsPowerShell\v1.0\;C:\Program Files (x86)\ATI Technologies\ATI.ACE\Core-Static;C:\Program Files (x86)\Windows Kits\8.1\Windows Performance Toolkit\;C:\Program Files\Microsoft SQL Server\110\Tools\Binn\;C:\Program Files (x86)\Microsoft SDKs\TypeScript\1.0\;C:\Program Files (x86)\MiKTeX 2.9\miktex\bin\;C:\Program Files\TortoiseSVN\bin;C:\Program Files (x86)\Vector vFlash 2.7\Bin\;C:\ProgramData\Oracle\Java\javapath;C:\Windows\system32;C:\Windows;C:\Windows\System32\Wbem;C:\Windows\System32\WindowsPowerShell\v1.0\;C:\Program Files (x86)\ATI Technologies\ATI.ACE\Core-Static;C:\Program Files (x86)\Windows Kits\8.1\Windows Performance Toolkit\;C:\Program Files\Microsoft SQL Server\110\Tools\Binn\;C:\Program Files (x86)\Microsoft SDKs\TypeScript\1.0\;C:\Program Files (x86)\MiKTeX 2.9\miktex\bin\;C:\Program Files\TortoiseSVN\bin;C:\opencv\build\x86\vc12\bin
USERNAME=Ales
OS=Windows_NT
PROCESSOR_IDENTIFIER=AMD64 Family 16 Model 6 Stepping 3, AuthenticAMD



---------------  S Y S T E M  ---------------

OS: Windows 7 , 64 bit Build 7601 Service Pack 1

CPU:total 2 (2 cores per cpu, 1 threads per core) family 16 model 6 stepping 3, cmov, cx8, fxsr, mmx, sse, sse2, sse3, popcnt, mmxext, 3dnowpref, lzcnt, tsc, tscinvbit, tscinv

Memory: 4k page, physical 4189080k(582852k free), swap 8376324k(4254884k free)

vm_info: Java HotSpot(TM) 64-Bit Server VM (25.20-b23) for windows-amd64 JRE (1.8.0_20-b26), built on Jul 30 2014 13:51:23 by "java_re" with MS VC++ 10.0 (VS2010)

time: Mon Oct 26 17:54:51 2015
elapsed time: 6 seconds (0d 0h 0m 6s)

