#
# A fatal error has been detected by the Java Runtime Environment:
#
#  EXCEPTION_ACCESS_VIOLATION (0xc0000005) at pc=0x000000005e899ceb, pid=4776, tid=6736
#
# JRE version: Java(TM) SE Runtime Environment (8.0_20-b26) (build 1.8.0_20-b26)
# Java VM: Java HotSpot(TM) 64-Bit Server VM (25.20-b23 mixed mode windows-amd64 compressed oops)
# Problematic frame:
# C  [atio6axx.dll+0x99ceb]
#
# Failed to write core dump. Minidumps are not enabled by default on client versions of Windows
#
# If you would like to submit a bug report, please visit:
#   http://bugreport.sun.com/bugreport/crash.jsp
# The crash happened outside the Java Virtual Machine in native code.
# See problematic frame for where to report the bug.
#

---------------  T H R E A D  ---------------

Current thread (0x000000005b541800):  JavaThread "main-FPSAWTAnimator#00-Timer0" [_thread_in_native, id=6736, stack(0x000000005dbe0000,0x000000005dce0000)]

siginfo: ExceptionCode=0xc0000005, writing address 0x0000000000000000

Registers:
RAX=0x000000005ff211e0, RBX=0x0000000000000000, RCX=0x0000000000000002, RDX=0x000000005ff291f2
RSP=0x000000005dcdec20, RBP=0x000000000001d4c0, RSI=0x000000005d91a2e0, RDI=0x000000000001d4c0
R8 =0x0000000000000001, R9 =0x0000000000000000, R10=0x0000000000000001, R11=0x000000005ff211e0
R12=0x0000000000000000, R13=0x0000000000000000, R14=0x000000005dcded78, R15=0x000000005b541800
RIP=0x000000005e899ceb, EFLAGS=0x0000000000010202

Top of Stack: (sp=0x000000005dcdec20)
0x000000005dcdec20:   0000000000000000 000000000001d4c0
0x000000005dcdec30:   000000005d91a2e0 000000005b541800
0x000000005dcdec40:   000000005c481990 000000005d85d790
0x000000005dcdec50:   0000000000000000 000000005f3ddb37
0x000000005dcdec60:   000000005daddd50 000000000001d4c0
0x000000005dcdec70:   0000000000000000 000000005c481990
0x000000005dcdec80:   00000000029a7a01 00000000029b3874
0x000000005dcdec90:   000000005c481990 000000005dcded28
0x000000005dcdeca0:   000000005c7f0028 00000000029a7a01
0x000000005dcdecb0:   0000000000000000 0000000000000001
0x000000005dcdecc0:   000000005fc71d40 000000005c481990
0x000000005dcdecd0:   000000005c7f0028 000000005b541800
0x000000005dcdece0:   00000000029b35a2 000000005dcdece8
0x000000005dcdecf0:   000000005c481990 000000005dcded78
0x000000005dcded00:   000000005c570028 0000000000000000
0x000000005dcded10:   000000005c481990 0000000000000000 

Instructions: (pc=0x000000005e899ceb)
0x000000005e899ccb:   39 28 74 f4 4b 8d 94 43 10 80 00 00 0f b7 02 66
0x000000005e899cdb:   41 01 84 4b 10 80 00 00 66 44 89 2a 41 ff 43 08
0x000000005e899ceb:   45 89 14 24 49 83 c4 04 48 83 ef 01 0f 85 b3 fe
0x000000005e899cfb:   ff ff e9 c8 13 00 00 48 8b 71 18 45 33 ed 41 8b 


Register to memory mapping:

RAX=0x000000005ff211e0 is an unknown value
RBX=0x0000000000000000 is an unknown value
RCX=0x0000000000000002 is an unknown value
RDX=0x000000005ff291f2 is an unknown value
RSP=0x000000005dcdec20 is pointing into the stack for thread: 0x000000005b541800
RBP=0x000000000001d4c0 is an unknown value
RSI=0x000000005d91a2e0 is an unknown value
RDI=0x000000000001d4c0 is an unknown value
R8 =0x0000000000000001 is an unknown value
R9 =0x0000000000000000 is an unknown value
R10=0x0000000000000001 is an unknown value
R11=0x000000005ff211e0 is an unknown value
R12=0x0000000000000000 is an unknown value
R13=0x0000000000000000 is an unknown value
R14=0x000000005dcded78 is pointing into the stack for thread: 0x000000005b541800
R15=0x000000005b541800 is a thread


Stack: [0x000000005dbe0000,0x000000005dce0000],  sp=0x000000005dcdec20,  free space=1019k
Native frames: (J=compiled Java code, j=interpreted, Vv=VM code, C=native code)
C  [atio6axx.dll+0x99ceb]
C  [atio6axx.dll+0xbddb37]
C  0x00000000029b3874

Java frames: (J=compiled Java code, j=interpreted, Vv=VM code)
j  jogamp.opengl.gl4.GL4bcImpl.dispatch_glGenBuffers1(ILjava/lang/Object;IZJ)V+0
j  jogamp.opengl.gl4.GL4bcImpl.glGenBuffers(ILjava/nio/IntBuffer;)V+81
j  icp.Terrain.draw(Lcom/jogamp/opengl/GL2;)V+6
j  icp.ICP.display(Lcom/jogamp/opengl/GLAutoDrawable;)V+112
j  jogamp.opengl.GLDrawableHelper.displayImpl(Lcom/jogamp/opengl/GLAutoDrawable;)V+81
j  jogamp.opengl.GLDrawableHelper.display(Lcom/jogamp/opengl/GLAutoDrawable;)V+2
j  jogamp.opengl.GLAutoDrawableBase$2.run()V+59
j  jogamp.opengl.GLDrawableHelper.invokeGLImpl(Lcom/jogamp/opengl/GLDrawable;Lcom/jogamp/opengl/GLContext;Ljava/lang/Runnable;Ljava/lang/Runnable;)V+203
j  jogamp.opengl.GLDrawableHelper.invokeGL(Lcom/jogamp/opengl/GLDrawable;Lcom/jogamp/opengl/GLContext;Ljava/lang/Runnable;Ljava/lang/Runnable;)V+72
j  com.jogamp.newt.opengl.GLWindow.display()V+90
j  com.jogamp.opengl.util.AWTAnimatorImpl.display(Ljava/util/ArrayList;ZZ)V+51
j  com.jogamp.opengl.util.AnimatorBase.display()V+16
j  com.jogamp.opengl.util.FPSAnimator$MainTask.run()V+216
j  java.util.TimerThread.mainLoop()V+221
j  java.util.TimerThread.run()V+1
v  ~StubRoutines::call_stub

---------------  P R O C E S S  ---------------

Java Threads: ( => current thread )
  0x00000000023de000 JavaThread "DestroyJavaVM" [_thread_blocked, id=6896, stack(0x00000000025d0000,0x00000000026d0000)]
=>0x000000005b541800 JavaThread "main-FPSAWTAnimator#00-Timer0" [_thread_in_native, id=6736, stack(0x000000005dbe0000,0x000000005dce0000)]
  0x000000005b762800 JavaThread "main-Display-.windows_nil-1-EDT-1" daemon [_thread_blocked, id=7076, stack(0x000000005a6e0000,0x000000005a7e0000)]
  0x000000005b4a9800 JavaThread "main-SharedResourceRunner" daemon [_thread_blocked, id=7132, stack(0x000000005b260000,0x000000005b360000)]
  0x000000005733d000 JavaThread "AWT-Windows" daemon [_thread_in_native, id=3212, stack(0x0000000057970000,0x0000000057a70000)]
  0x000000005733a800 JavaThread "Java2D Disposer" daemon [_thread_blocked, id=3992, stack(0x0000000056060000,0x0000000056160000)]
  0x000000005504c800 JavaThread "Service Thread" daemon [_thread_blocked, id=7092, stack(0x0000000056b10000,0x0000000056c10000)]
  0x0000000054ff3800 JavaThread "C1 CompilerThread1" daemon [_thread_blocked, id=6784, stack(0x00000000565c0000,0x00000000566c0000)]
  0x0000000054fee800 JavaThread "C2 CompilerThread0" daemon [_thread_in_native, id=6324, stack(0x0000000056360000,0x0000000056460000)]
  0x0000000054fec800 JavaThread "Attach Listener" daemon [_thread_blocked, id=2276, stack(0x0000000056180000,0x0000000056280000)]
  0x0000000054feb800 JavaThread "Signal Dispatcher" daemon [_thread_blocked, id=5664, stack(0x0000000055f20000,0x0000000056020000)]
  0x0000000054f86000 JavaThread "Finalizer" daemon [_thread_blocked, id=6804, stack(0x0000000055d50000,0x0000000055e50000)]
  0x0000000054f82800 JavaThread "Reference Handler" daemon [_thread_blocked, id=6956, stack(0x0000000055c20000,0x0000000055d20000)]

Other Threads:
  0x0000000054f7d000 VMThread [stack: 0x0000000055a80000,0x0000000055b80000] [id=6976]
  0x000000005504e800 WatcherThread [stack: 0x0000000056cf0000,0x0000000056df0000] [id=2504]

VM state:not at safepoint (normal execution)

VM Mutex/Monitor currently owned by a thread: None

Heap:
 PSYoungGen      total 35328K, used 8055K [0x00000000eab00000, 0x00000000ef800000, 0x0000000100000000)
  eden space 32768K, 16% used [0x00000000eab00000,0x00000000eb0614f0,0x00000000ecb00000)
  from space 2560K, 99% used [0x00000000ecb00000,0x00000000ecd7ca90,0x00000000ecd80000)
  to   space 6656K, 0% used [0x00000000ef180000,0x00000000ef180000,0x00000000ef800000)
 ParOldGen       total 44032K, used 6536K [0x00000000c0000000, 0x00000000c2b00000, 0x00000000eab00000)
  object space 44032K, 14% used [0x00000000c0000000,0x00000000c0662060,0x00000000c2b00000)
 Metaspace       used 13737K, capacity 13962K, committed 14208K, reserved 1062912K
  class space    used 1323K, capacity 1376K, committed 1408K, reserved 1048576K

Card table byte_map: [0x0000000011d60000,0x0000000011f70000] byte_map_base: 0x0000000011760000

Marking Bits: (ParMarkBitMap*) 0x000000005e77b460
 Begin Bits: [0x0000000012450000, 0x0000000013450000)
 End Bits:   [0x0000000013450000, 0x0000000014450000)

Polling page: 0x0000000000140000

CodeCache: size=245760Kb used=4163Kb max_used=4175Kb free=241596Kb
 bounds [0x00000000029a0000, 0x0000000002dc0000, 0x00000000119a0000]
 total_blobs=1731 nmethods=947 adapters=699
 compilation: enabled

Compilation events (10 events):
Event: 6.428 Thread 0x0000000054ff3800  945       3       java.nio.DirectFloatBufferU::ix (10 bytes)
Event: 6.428 Thread 0x0000000054ff3800 nmethod 945 0x0000000002da0890 code [0x0000000002da09e0, 0x0000000002da0b50]
Event: 6.428 Thread 0x0000000054ff3800  944       3       java.nio.DirectFloatBufferU::put (17 bytes)
Event: 6.429 Thread 0x0000000054ff3800 nmethod 944 0x0000000002daad10 code [0x0000000002daae80, 0x0000000002dab1e8]
Event: 6.429 Thread 0x0000000054ff3800  947       1       java.nio.DirectFloatBufferU::ix (10 bytes)
Event: 6.429 Thread 0x0000000054ff3800 nmethod 947 0x0000000002da05d0 code [0x0000000002da0720, 0x0000000002da0830]
Event: 6.429 Thread 0x0000000054ff3800  941       3       java.util.LinkedList::linkLast (59 bytes)
Event: 6.429 Thread 0x0000000054ff3800 nmethod 941 0x0000000002daa710 code [0x0000000002daa880, 0x0000000002daabb0]
Event: 6.429 Thread 0x0000000054ff3800  942       3       java.util.LinkedList$Node::<init> (20 bytes)
Event: 6.429 Thread 0x0000000054ff3800 nmethod 942 0x0000000002daa310 code [0x0000000002daa460, 0x0000000002daa650]

GC Heap History (10 events):
Event: 2.610 GC heap before
{Heap before GC invocations=1 (full 0):
 PSYoungGen      total 18944K, used 16367K [0x00000000eab00000, 0x00000000ec000000, 0x0000000100000000)
  eden space 16384K, 99% used [0x00000000eab00000,0x00000000ebafbf38,0x00000000ebb00000)
  from space 2560K, 0% used [0x00000000ebd80000,0x00000000ebd80000,0x00000000ec000000)
  to   space 2560K, 0% used [0x00000000ebb00000,0x00000000ebb00000,0x00000000ebd80000)
 ParOldGen       total 44032K, used 0K [0x00000000c0000000, 0x00000000c2b00000, 0x00000000eab00000)
  object space 44032K, 0% used [0x00000000c0000000,0x00000000c0000000,0x00000000c2b00000)
 Metaspace       used 8825K, capacity 8993K, committed 9216K, reserved 1056768K
  class space    used 976K, capacity 1022K, committed 1024K, reserved 1048576K
Event: 2.619 GC heap after
Heap after GC invocations=1 (full 0):
 PSYoungGen      total 18944K, used 2538K [0x00000000eab00000, 0x00000000ec000000, 0x0000000100000000)
  eden space 16384K, 0% used [0x00000000eab00000,0x00000000eab00000,0x00000000ebb00000)
  from space 2560K, 99% used [0x00000000ebb00000,0x00000000ebd7a918,0x00000000ebd80000)
  to   space 2560K, 0% used [0x00000000ebd80000,0x00000000ebd80000,0x00000000ec000000)
 ParOldGen       total 44032K, used 1019K [0x00000000c0000000, 0x00000000c2b00000, 0x00000000eab00000)
  object space 44032K, 2% used [0x00000000c0000000,0x00000000c00feda8,0x00000000c2b00000)
 Metaspace       used 8825K, capacity 8993K, committed 9216K, reserved 1056768K
  class space    used 976K, capacity 1022K, committed 1024K, reserved 1048576K
}
Event: 3.575 GC heap before
{Heap before GC invocations=2 (full 0):
 PSYoungGen      total 18944K, used 18922K [0x00000000eab00000, 0x00000000ec000000, 0x0000000100000000)
  eden space 16384K, 100% used [0x00000000eab00000,0x00000000ebb00000,0x00000000ebb00000)
  from space 2560K, 99% used [0x00000000ebb00000,0x00000000ebd7a918,0x00000000ebd80000)
  to   space 2560K, 0% used [0x00000000ebd80000,0x00000000ebd80000,0x00000000ec000000)
 ParOldGen       total 44032K, used 1019K [0x00000000c0000000, 0x00000000c2b00000, 0x00000000eab00000)
  object space 44032K, 2% used [0x00000000c0000000,0x00000000c00feda8,0x00000000c2b00000)
 Metaspace       used 12069K, capacity 12160K, committed 12288K, reserved 1060864K
  class space    used 1144K, capacity 1179K, committed 1280K, reserved 1048576K
Event: 3.587 GC heap after
Heap after GC invocations=2 (full 0):
 PSYoungGen      total 18944K, used 2544K [0x00000000eab00000, 0x00000000ec000000, 0x0000000100000000)
  eden space 16384K, 0% used [0x00000000eab00000,0x00000000eab00000,0x00000000ebb00000)
  from space 2560K, 99% used [0x00000000ebd80000,0x00000000ebffc170,0x00000000ec000000)
  to   space 2560K, 0% used [0x00000000ebb00000,0x00000000ebb00000,0x00000000ebd80000)
 ParOldGen       total 44032K, used 1294K [0x00000000c0000000, 0x00000000c2b00000, 0x00000000eab00000)
  object space 44032K, 2% used [0x00000000c0000000,0x00000000c0143a00,0x00000000c2b00000)
 Metaspace       used 12069K, capacity 12160K, committed 12288K, reserved 1060864K
  class space    used 1144K, capacity 1179K, committed 1280K, reserved 1048576K
}
Event: 4.170 GC heap before
{Heap before GC invocations=3 (full 0):
 PSYoungGen      total 18944K, used 18928K [0x00000000eab00000, 0x00000000ec000000, 0x0000000100000000)
  eden space 16384K, 100% used [0x00000000eab00000,0x00000000ebb00000,0x00000000ebb00000)
  from space 2560K, 99% used [0x00000000ebd80000,0x00000000ebffc170,0x00000000ec000000)
  to   space 2560K, 0% used [0x00000000ebb00000,0x00000000ebb00000,0x00000000ebd80000)
 ParOldGen       total 44032K, used 1294K [0x00000000c0000000, 0x00000000c2b00000, 0x00000000eab00000)
  object space 44032K, 2% used [0x00000000c0000000,0x00000000c0143a00,0x00000000c2b00000)
 Metaspace       used 12177K, capacity 12288K, committed 12544K, reserved 1060864K
  class space    used 1157K, capacity 1179K, committed 1280K, reserved 1048576K
Event: 4.184 GC heap after
Heap after GC invocations=3 (full 0):
 PSYoungGen      total 18944K, used 2546K [0x00000000eab00000, 0x00000000ed000000, 0x0000000100000000)
  eden space 16384K, 0% used [0x00000000eab00000,0x00000000eab00000,0x00000000ebb00000)
  from space 2560K, 99% used [0x00000000ebb00000,0x00000000ebd7ca90,0x00000000ebd80000)
  to   space 2560K, 0% used [0x00000000ecd80000,0x00000000ecd80000,0x00000000ed000000)
 ParOldGen       total 44032K, used 2150K [0x00000000c0000000, 0x00000000c2b00000, 0x00000000eab00000)
  object space 44032K, 4% used [0x00000000c0000000,0x00000000c0219ab0,0x00000000c2b00000)
 Metaspace       used 12177K, capacity 12288K, committed 12544K, reserved 1060864K
  class space    used 1157K, capacity 1179K, committed 1280K, reserved 1048576K
}
Event: 4.759 GC heap before
{Heap before GC invocations=4 (full 0):
 PSYoungGen      total 18944K, used 18930K [0x00000000eab00000, 0x00000000ed000000, 0x0000000100000000)
  eden space 16384K, 100% used [0x00000000eab00000,0x00000000ebb00000,0x00000000ebb00000)
  from space 2560K, 99% used [0x00000000ebb00000,0x00000000ebd7ca90,0x00000000ebd80000)
  to   space 2560K, 0% used [0x00000000ecd80000,0x00000000ecd80000,0x00000000ed000000)
 ParOldGen       total 44032K, used 2150K [0x00000000c0000000, 0x00000000c2b00000, 0x00000000eab00000)
  object space 44032K, 4% used [0x00000000c0000000,0x00000000c0219ab0,0x00000000c2b00000)
 Metaspace       used 12185K, capacity 12288K, committed 12544K, reserved 1060864K
  class space    used 1157K, capacity 1179K, committed 1280K, reserved 1048576K
Event: 4.772 GC heap after
Heap after GC invocations=4 (full 0):
 PSYoungGen      total 35328K, used 2546K [0x00000000eab00000, 0x00000000ed000000, 0x0000000100000000)
  eden space 32768K, 0% used [0x00000000eab00000,0x00000000eab00000,0x00000000ecb00000)
  from space 2560K, 99% used [0x00000000ecd80000,0x00000000ecffca90,0x00000000ed000000)
  to   space 2560K, 0% used [0x00000000ecb00000,0x00000000ecb00000,0x00000000ecd80000)
 ParOldGen       total 44032K, used 2214K [0x00000000c0000000, 0x00000000c2b00000, 0x00000000eab00000)
  object space 44032K, 5% used [0x00000000c0000000,0x00000000c0229ab0,0x00000000c2b00000)
 Metaspace       used 12185K, capacity 12288K, committed 12544K, reserved 1060864K
  class space    used 1157K, capacity 1179K, committed 1280K, reserved 1048576K
}
Event: 6.295 GC heap before
{Heap before GC invocations=5 (full 0):
 PSYoungGen      total 35328K, used 35314K [0x00000000eab00000, 0x00000000ed000000, 0x0000000100000000)
  eden space 32768K, 100% used [0x00000000eab00000,0x00000000ecb00000,0x00000000ecb00000)
  from space 2560K, 99% used [0x00000000ecd80000,0x00000000ecffca90,0x00000000ed000000)
  to   space 2560K, 0% used [0x00000000ecb00000,0x00000000ecb00000,0x00000000ecd80000)
 ParOldGen       total 44032K, used 2214K [0x00000000c0000000, 0x00000000c2b00000, 0x00000000eab00000)
  object space 44032K, 5% used [0x00000000c0000000,0x00000000c0229ab0,0x00000000c2b00000)
 Metaspace       used 13702K, capacity 13894K, committed 13952K, reserved 1062912K
  class space    used 1320K, capacity 1373K, committed 1408K, reserved 1048576K
Event: 6.313 GC heap after
Heap after GC invocations=5 (full 0):
 PSYoungGen      total 35328K, used 2546K [0x00000000eab00000, 0x00000000ef800000, 0x0000000100000000)
  eden space 32768K, 0% used [0x00000000eab00000,0x00000000eab00000,0x00000000ecb00000)
  from space 2560K, 99% used [0x00000000ecb00000,0x00000000ecd7ca90,0x00000000ecd80000)
  to   space 6656K, 0% used [0x00000000ef180000,0x00000000ef180000,0x00000000ef800000)
 ParOldGen       total 44032K, used 6536K [0x00000000c0000000, 0x00000000c2b00000, 0x00000000eab00000)
  object space 44032K, 14% used [0x00000000c0000000,0x00000000c0662060,0x00000000c2b00000)
 Metaspace       used 13702K, capacity 13894K, committed 13952K, reserved 1062912K
  class space    used 1320K, capacity 1373K, committed 1408K, reserved 1048576K
}

Deoptimization events (2 events):
Event: 4.886 Thread 0x000000005b4a9800 Uncommon trap: reason=unreached action=reinterpret pc=0x0000000002cdcb08 method=java.lang.Class.searchFields([Ljava/lang/reflect/Field;Ljava/lang/String;)Ljava/lang/reflect/Field; @ 20
Event: 5.056 Thread 0x00000000023de000 Uncommon trap: reason=unreached action=reinterpret pc=0x0000000002ccc330 method=java.lang.reflect.AccessibleObject.setAccessible0(Ljava/lang/reflect/AccessibleObject;Z)V @ 4

Internal exceptions (10 events):
Event: 2.336 Thread 0x00000000023de000 Exception <a 'java/lang/NoSuchFieldError': method resolution failed> (0x00000000eb5b75e8) thrown at [D:\re\workspace\8-2-build-windows-amd64-cygwin\jdk8u20\1074\hotspot\src\share\vm\prims\methodHandles.cpp, line 1159]
Event: 2.338 Thread 0x00000000023de000 Exception <a 'java/lang/NoSuchFieldError': method resolution failed> (0x00000000eb5baa68) thrown at [D:\re\workspace\8-2-build-windows-amd64-cygwin\jdk8u20\1074\hotspot\src\share\vm\prims\methodHandles.cpp, line 1159]
Event: 2.413 Thread 0x00000000023de000 Exception <a 'java/io/FileNotFoundException'> (0x00000000eb6d1508) thrown at [D:\re\workspace\8-2-build-windows-amd64-cygwin\jdk8u20\1074\hotspot\src\share\vm\prims\jni.cpp, line 716]
Event: 4.888 Thread 0x00000000023de000 Exception <a 'java/lang/InterruptedException'> (0x00000000eabf0898) thrown at [D:\re\workspace\8-2-build-windows-amd64-cygwin\jdk8u20\1074\hotspot\src\share\vm\runtime\objectMonitor.cpp, line 1682]
Event: 5.776 Thread 0x00000000023de000 Exception <a 'java/security/PrivilegedActionException'> (0x00000000eb267c00) thrown at [D:\re\workspace\8-2-build-windows-amd64-cygwin\jdk8u20\1074\hotspot\src\share\vm\prims\jvm.cpp, line 1275]
Event: 5.777 Thread 0x00000000023de000 Exception <a 'java/security/PrivilegedActionException'> (0x00000000eb26e748) thrown at [D:\re\workspace\8-2-build-windows-amd64-cygwin\jdk8u20\1074\hotspot\src\share\vm\prims\jvm.cpp, line 1275]
Event: 5.779 Thread 0x00000000023de000 Exception <a 'java/security/PrivilegedActionException'> (0x00000000eb27dec8) thrown at [D:\re\workspace\8-2-build-windows-amd64-cygwin\jdk8u20\1074\hotspot\src\share\vm\prims\jvm.cpp, line 1275]
Event: 5.809 Thread 0x000000005b541800 Exception <a 'java/security/PrivilegedActionException'> (0x00000000eb48efd8) thrown at [D:\re\workspace\8-2-build-windows-amd64-cygwin\jdk8u20\1074\hotspot\src\share\vm\prims\jvm.cpp, line 1275]
Event: 5.810 Thread 0x000000005b541800 Exception <a 'java/security/PrivilegedActionException'> (0x00000000eb4eacf0) thrown at [D:\re\workspace\8-2-build-windows-amd64-cygwin\jdk8u20\1074\hotspot\src\share\vm\prims\jvm.cpp, line 1275]
Event: 6.418 Thread 0x000000005b541800 Exception <a 'java/security/PrivilegedActionException'> (0x00000000eb00f990) thrown at [D:\re\workspace\8-2-build-windows-amd64-cygwin\jdk8u20\1074\hotspot\src\share\vm\prims\jvm.cpp, line 1275]

Events (10 events):
Event: 6.274 Thread 0x000000005b541800 DEOPT PACKING pc=0x0000000002d6c617 sp=0x000000005dcde680
Event: 6.274 Thread 0x000000005b541800 DEOPT UNPACKING pc=0x00000000029e71bf sp=0x000000005dcde5a8 mode 0
Event: 6.295 Executing VM operation: ParallelGCFailedAllocation
Event: 6.313 Executing VM operation: ParallelGCFailedAllocation done
Event: 6.417 loading class icp/Terrain
Event: 6.417 loading class icp/Terrain done
Event: 6.419 loading class com/sun/prism/impl/BufferUtil
Event: 6.419 loading class com/sun/prism/impl/BufferUtil done
Event: 6.447 loading class com/jogamp/opengl/math/VectorUtil
Event: 6.447 loading class com/jogamp/opengl/math/VectorUtil done


Dynamic libraries:
0x000000013fbf0000 - 0x000000013fc24000 	C:\Program Files\Java\jdk1.8.0_20\jre\bin\java.exe
0x00000000778e0000 - 0x0000000077a89000 	C:\Windows\SYSTEM32\ntdll.dll
0x00000000777c0000 - 0x00000000778e0000 	C:\Windows\system32\kernel32.dll
0x000007fefd8c0000 - 0x000007fefd92c000 	C:\Windows\system32\KERNELBASE.dll
0x000007feff500000 - 0x000007feff5db000 	C:\Windows\system32\ADVAPI32.dll
0x000007fefda40000 - 0x000007fefdadf000 	C:\Windows\system32\msvcrt.dll
0x000007feffa40000 - 0x000007feffa5f000 	C:\Windows\SYSTEM32\sechost.dll
0x000007feff6f0000 - 0x000007feff81d000 	C:\Windows\system32\RPCRT4.dll
0x00000000776c0000 - 0x00000000777ba000 	C:\Windows\system32\USER32.dll
0x000007feff950000 - 0x000007feff9b7000 	C:\Windows\system32\GDI32.dll
0x000007feff630000 - 0x000007feff63e000 	C:\Windows\system32\LPK.dll
0x000007feff820000 - 0x000007feff8e9000 	C:\Windows\system32\USP10.dll
0x000007fefc230000 - 0x000007fefc424000 	C:\Windows\WinSxS\amd64_microsoft.windows.common-controls_6595b64144ccf1df_6.0.7601.18837_none_fa3b1e3d17594757\COMCTL32.dll
0x000007feff9c0000 - 0x000007feffa31000 	C:\Windows\system32\SHLWAPI.dll
0x000007fefdfd0000 - 0x000007fefdffe000 	C:\Windows\system32\IMM32.DLL
0x000007fefee10000 - 0x000007fefef19000 	C:\Windows\system32\MSCTF.dll
0x000000006c900000 - 0x000000006c9d2000 	C:\Program Files\Java\jdk1.8.0_20\jre\bin\msvcr100.dll
0x000000005dfa0000 - 0x000000005e7f8000 	C:\Program Files\Java\jdk1.8.0_20\jre\bin\server\jvm.dll
0x000007fef43d0000 - 0x000007fef43d9000 	C:\Windows\system32\WSOCK32.dll
0x000007feff5e0000 - 0x000007feff62d000 	C:\Windows\system32\WS2_32.dll
0x000007feff640000 - 0x000007feff648000 	C:\Windows\system32\NSI.dll
0x000007fef8a10000 - 0x000007fef8a4b000 	C:\Windows\system32\WINMM.dll
0x0000000077ab0000 - 0x0000000077ab7000 	C:\Windows\system32\PSAPI.DLL
0x0000000071f60000 - 0x0000000071f6f000 	C:\Program Files\Java\jdk1.8.0_20\jre\bin\verify.dll
0x00000000673d0000 - 0x00000000673f8000 	C:\Program Files\Java\jdk1.8.0_20\jre\bin\java.dll
0x0000000067380000 - 0x0000000067396000 	C:\Program Files\Java\jdk1.8.0_20\jre\bin\zip.dll
0x000007fefe080000 - 0x000007fefee09000 	C:\Windows\system32\SHELL32.dll
0x000007feff1f0000 - 0x000007feff3f3000 	C:\Windows\system32\ole32.dll
0x000007fefd690000 - 0x000007fefd69f000 	C:\Windows\system32\profapi.dll
0x000007fefcec0000 - 0x000007fefced8000 	C:\Windows\system32\CRYPTSP.dll
0x000007fefcbc0000 - 0x000007fefcc07000 	C:\Windows\system32\rsaenh.dll
0x000007fefd940000 - 0x000007fefd95e000 	C:\Windows\system32\USERENV.dll
0x000007fefd520000 - 0x000007fefd52f000 	C:\Windows\system32\CRYPTBASE.dll
0x000000006c8e0000 - 0x000000006c8fa000 	C:\Program Files\Java\jdk1.8.0_20\jre\bin\net.dll
0x000007fefce60000 - 0x000007fefceb5000 	C:\Windows\system32\mswsock.dll
0x000007fefce50000 - 0x000007fefce57000 	C:\Windows\System32\wship6.dll
0x000007fefafd0000 - 0x000007fefaff7000 	C:\Windows\system32\IPHLPAPI.DLL
0x000007fefafc0000 - 0x000007fefafcb000 	C:\Windows\system32\WINNSI.DLL
0x000007fefaae0000 - 0x000007fefaaf1000 	C:\Windows\system32\dhcpcsvc6.DLL
0x000007fefab00000 - 0x000007fefab18000 	C:\Windows\system32\dhcpcsvc.DLL
0x0000000062e90000 - 0x0000000062ea1000 	C:\Program Files\Java\jdk1.8.0_20\jre\bin\nio.dll
0x000007fefd4c0000 - 0x000007fefd517000 	C:\Windows\system32\apphelp.dll
0x00000000637c0000 - 0x00000000637cd000 	C:\Users\Ales\AppData\Local\Temp\jogamp_0000\file_cache\jln2356973363109873620\jln8021851088228935077\gluegen-rt.dll
0x000000005de00000 - 0x000000005df98000 	C:\Program Files\Java\jdk1.8.0_20\jre\bin\awt.dll
0x000007feff400000 - 0x000007feff4d7000 	C:\Windows\system32\OLEAUT32.dll
0x000007fefbeb0000 - 0x000007fefbf06000 	C:\Windows\system32\uxtheme.dll
0x000007fefb980000 - 0x000007fefb998000 	C:\Windows\system32\dwmapi.dll
0x0000000180000000 - 0x000000018004a000 	C:\Program Files\Packard Bell\Packard Bell Power Management\SysHook.dll
0x000007fef8690000 - 0x000007fef8701000 	C:\Windows\system32\WINSPOOL.DRV
0x000000006ca00000 - 0x000000006ca07000 	C:\Program Files\Java\jdk1.8.0_20\jre\bin\jawt.dll
0x000000006a440000 - 0x000000006a44d000 	C:\Users\Ales\AppData\Local\Temp\jogamp_0000\file_cache\jln2356973363109873620\jln8021851088228935077\nativewindow_awt.dll
0x000007feeeb60000 - 0x000007feeed5f000 	C:\Windows\system32\d3d9.dll
0x000007fefc750000 - 0x000007fefc75c000 	C:\Windows\system32\VERSION.dll
0x000007fef42d0000 - 0x000007fef42d7000 	C:\Windows\system32\d3d8thk.dll
0x000007fef4270000 - 0x000007fef427d000 	C:\Windows\system32\atiu9p64.dll
0x000000005cda0000 - 0x000000005d2a8000 	C:\Windows\system32\atiumd64.dll
0x000000005d490000 - 0x000000005d7bc000 	C:\Windows\system32\atiumd6a.dll
0x000000006c100000 - 0x000000006c10f000 	C:\Users\Ales\AppData\Local\Temp\jogamp_0000\file_cache\jln2356973363109873620\jln8021851088228935077\nativewindow_win32.dll
0x000007fef8850000 - 0x000007fef896d000 	C:\Windows\system32\OpenGL32.dll
0x000007fef8820000 - 0x000007fef884d000 	C:\Windows\system32\GLU32.dll
0x000007fef8720000 - 0x000007fef8811000 	C:\Windows\system32\DDRAW.dll
0x000007fef8710000 - 0x000007fef8718000 	C:\Windows\system32\DCIMAN32.dll
0x000007fefddf0000 - 0x000007fefdfc7000 	C:\Windows\system32\SETUPAPI.dll
0x000007fefda00000 - 0x000007fefda36000 	C:\Windows\system32\CFGMGR32.dll
0x000007fefd960000 - 0x000007fefd97a000 	C:\Windows\system32\DEVOBJ.dll
0x0000000064500000 - 0x00000000645ae000 	C:\Users\Ales\AppData\Local\Temp\jogamp_0000\file_cache\jln2356973363109873620\jln8021851088228935077\jogl_desktop.dll
0x0000000064340000 - 0x00000000643a0000 	C:\Users\Ales\AppData\Local\Temp\jogamp_0000\file_cache\jln2356973363109873620\jln8021851088228935077\jogl_mobile.dll
0x000007fef9140000 - 0x000007fef9148000 	C:\Windows\system32\atig6pxx.dll
0x000000005e800000 - 0x000000005fcac000 	C:\Windows\system32\atio6axx.dll
0x000007fef42c0000 - 0x000007fef42ca000 	C:\Windows\system32\atig6txx.dll
0x0000000002550000 - 0x00000000025a7000 	C:\Windows\system32\atiadlxx.dll
0x000007fefd990000 - 0x000007fefd9cb000 	C:\Windows\system32\WINTRUST.dll
0x000007fefd6a0000 - 0x000007fefd80d000 	C:\Windows\system32\CRYPT32.dll
0x000007fefd680000 - 0x000007fefd68f000 	C:\Windows\system32\MSASN1.dll
0x000000006cbc0000 - 0x000000006cbd3000 	C:\Users\Ales\AppData\Local\Temp\jogamp_0000\file_cache\jln2356973363109873620\jln8021851088228935077\newt.dll
0x000007fef0930000 - 0x000007fef09cc000 	C:\Windows\system32\mscms.dll
0x000007fef4100000 - 0x000007fef4142000 	C:\Windows\system32\icm32.dll
0x000007fef8530000 - 0x000007fef8655000 	C:\Windows\system32\dbghelp.dll

VM Arguments:
jvm_args: -Dfile.encoding=Cp1250 -Djava.library.path=C:\Program Files\Java\jdk1.8.0_20\jre\lib\ext\gluegen-rt.jar;C:\Program Files\Java\jdk1.8.0_20\jre\lib\ext\gluegen-rt-natives-windows-amd64.jar;C:\Program Files\Java\jdk1.8.0_20\jre\lib\ext\jogl-all-natives-windows-amd64.jar;C:\Program Files\Java\jdk1.8.0_20\jre\lib\ext\jogl-all.jar-natives-windows-amd64;C:\Users\Ales\AppData\Roaming\NetBeans\8.0.1\gluegen-runtime\gluegen-rt.jar-natives-windows-amd64 
java_command: icp.ICP
java_class_path (initial): C:\Users\Ales\AppData\Roaming\NetBeans\8.0.1\gluegen-runtime\gluegen-rt.jar;C:\Program Files\Java\jdk1.8.0_20\jre\lib\ext\gluegen-rt.jar;C:\Program Files\Java\jdk1.8.0_20\jre\lib\ext\gluegen-rt-natives-windows-amd64.jar;C:\Program Files\Java\jdk1.8.0_20\jre\lib\ext\jogl-all-natives-windows-amd64.jar;C:\Program Files\Java\jdk1.8.0_20\jre\lib\ext\jogl-all.jar;C:\Users\Ales\Documents\NetBeansProjects\ICP\build\classes
Launcher Type: SUN_STANDARD

Environment Variables:
JAVA_HOME=C:\Program Files\Java\jdk1.8.0_20
PATH=C:\Program Files (x86)\Vector vFlash 2.7\Bin\;C:\ProgramData\Oracle\Java\javapath;C:\Windows\system32;C:\Windows;C:\Windows\System32\Wbem;C:\Windows\System32\WindowsPowerShell\v1.0\;C:\Program Files (x86)\ATI Technologies\ATI.ACE\Core-Static;C:\Program Files (x86)\Windows Kits\8.1\Windows Performance Toolkit\;C:\Program Files\Microsoft SQL Server\110\Tools\Binn\;C:\Program Files (x86)\Microsoft SDKs\TypeScript\1.0\;C:\Program Files (x86)\MiKTeX 2.9\miktex\bin\;C:\Program Files\TortoiseSVN\bin;C:\Program Files (x86)\Vector vFlash 2.7\Bin\;C:\ProgramData\Oracle\Java\javapath;C:\Windows\system32;C:\Windows;C:\Windows\System32\Wbem;C:\Windows\System32\WindowsPowerShell\v1.0\;C:\Program Files (x86)\ATI Technologies\ATI.ACE\Core-Static;C:\Program Files (x86)\Windows Kits\8.1\Windows Performance Toolkit\;C:\Program Files\Microsoft SQL Server\110\Tools\Binn\;C:\Program Files (x86)\Microsoft SDKs\TypeScript\1.0\;C:\Program Files (x86)\MiKTeX 2.9\miktex\bin\;C:\Program Files\TortoiseSVN\bin;C:\opencv\build\x86\vc12\bin
USERNAME=Ales
OS=Windows_NT
PROCESSOR_IDENTIFIER=AMD64 Family 16 Model 6 Stepping 3, AuthenticAMD



---------------  S Y S T E M  ---------------

OS: Windows 7 , 64 bit Build 7601 Service Pack 1

CPU:total 2 (2 cores per cpu, 1 threads per core) family 16 model 6 stepping 3, cmov, cx8, fxsr, mmx, sse, sse2, sse3, popcnt, mmxext, 3dnowpref, lzcnt, tsc, tscinvbit, tscinv

Memory: 4k page, physical 4189080k(583324k free), swap 8376324k(4248980k free)

vm_info: Java HotSpot(TM) 64-Bit Server VM (25.20-b23) for windows-amd64 JRE (1.8.0_20-b26), built on Jul 30 2014 13:51:23 by "java_re" with MS VC++ 10.0 (VS2010)

time: Mon Oct 26 17:53:46 2015
elapsed time: 6 seconds (0d 0h 0m 6s)

